
Loading checkpoint shards:   0%|          | 0/2 [00:00<?, ?it/s]
Loading checkpoint shards:  50%|█████     | 1/2 [00:00<00:00,  1.89it/s]
Loading checkpoint shards: 100%|██████████| 2/2 [00:00<00:00,  3.17it/s]
Loading checkpoint shards: 100%|██████████| 2/2 [00:00<00:00,  2.88it/s]

Loading checkpoint shards:   0%|          | 0/2 [00:00<?, ?it/s]
Loading checkpoint shards:  50%|█████     | 1/2 [00:00<00:00,  1.90it/s]
Loading checkpoint shards: 100%|██████████| 2/2 [00:00<00:00,  3.18it/s]
Loading checkpoint shards: 100%|██████████| 2/2 [00:00<00:00,  2.89it/s]
When using FSDP full shard, instead of using `gradient_checkpointing` in TrainingArguments, please use `activation_checkpointing` in `fsdp_config`. The former introduces a redundant AllGather operation in backward pass. Reference: https://github.com/huggingface/transformers/issues/30404
When using FSDP full shard, instead of using `gradient_checkpointing` in TrainingArguments, please use `activation_checkpointing` in `fsdp_config`. The former introduces a redundant AllGather operation in backward pass. Reference: https://github.com/huggingface/transformers/issues/30404
The tokenizer has new PAD/BOS/EOS tokens that differ from the model config and generation config. The model config and generation config were aligned accordingly, being updated with the tokenizer's values. Updated tokens: {'pad_token_id': 2}.
The tokenizer has new PAD/BOS/EOS tokens that differ from the model config and generation config. The model config and generation config were aligned accordingly, being updated with the tokenizer's values. Updated tokens: {'pad_token_id': 2}.

  0%|          | 0/751 [00:00<?, ?it/s]
  0%|          | 1/751 [00:19<4:08:35, 19.89s/it]
  0%|          | 2/751 [00:37<3:48:07, 18.27s/it]
  0%|          | 3/751 [00:54<3:41:04, 17.73s/it]
  1%|          | 4/751 [01:11<3:37:20, 17.46s/it]
  1%|          | 5/751 [01:28<3:34:28, 17.25s/it]
  1%|          | 6/751 [01:44<3:31:43, 17.05s/it]
  1%|          | 7/751 [02:01<3:30:24, 16.97s/it]
  1%|          | 8/751 [02:19<3:33:18, 17.23s/it]
  1%|          | 9/751 [02:36<3:31:42, 17.12s/it]
  1%|▏         | 10/751 [02:53<3:30:20, 17.03s/it]
                                                  

  1%|▏         | 10/751 [02:53<3:30:20, 17.03s/it]
  1%|▏         | 11/751 [03:09<3:29:30, 16.99s/it]
  2%|▏         | 12/751 [03:26<3:28:34, 16.93s/it]
  2%|▏         | 13/751 [03:43<3:28:00, 16.91s/it]
  2%|▏         | 14/751 [04:00<3:27:20, 16.88s/it]
  2%|▏         | 15/751 [04:17<3:26:46, 16.86s/it]
  2%|▏         | 16/751 [04:33<3:26:18, 16.84s/it]
  2%|▏         | 17/751 [04:51<3:26:46, 16.90s/it]
  2%|▏         | 18/751 [05:07<3:26:06, 16.87s/it]
  3%|▎         | 19/751 [05:24<3:25:30, 16.84s/it]
  3%|▎         | 20/751 [05:41<3:26:35, 16.96s/it]
                                                  

  3%|▎         | 20/751 [05:41<3:26:35, 16.96s/it]
  3%|▎         | 21/751 [05:58<3:25:40, 16.90s/it]
  3%|▎         | 22/751 [06:15<3:25:10, 16.89s/it]
  3%|▎         | 23/751 [06:32<3:24:26, 16.85s/it]
  3%|▎         | 24/751 [06:49<3:23:59, 16.84s/it]
  3%|▎         | 25/751 [07:06<3:25:13, 16.96s/it]
  3%|▎         | 26/751 [07:24<3:29:49, 17.36s/it]
  4%|▎         | 27/751 [07:42<3:30:19, 17.43s/it]
  4%|▎         | 28/751 [07:59<3:30:09, 17.44s/it]
  4%|▍         | 29/751 [08:17<3:30:38, 17.50s/it]
  4%|▍         | 30/751 [08:34<3:30:54, 17.55s/it]
                                                  

  4%|▍         | 30/751 [08:34<3:30:54, 17.55s/it]
  4%|▍         | 31/751 [08:52<3:29:43, 17.48s/it]
  4%|▍         | 32/751 [09:09<3:28:50, 17.43s/it]
  4%|▍         | 33/751 [09:26<3:28:00, 17.38s/it]
  5%|▍         | 34/751 [09:44<3:27:25, 17.36s/it]
  5%|▍         | 35/751 [10:01<3:26:47, 17.33s/it]
  5%|▍         | 36/751 [10:18<3:26:15, 17.31s/it]
  5%|▍         | 37/751 [10:35<3:25:45, 17.29s/it]
  5%|▌         | 38/751 [10:53<3:25:18, 17.28s/it]
  5%|▌         | 39/751 [11:10<3:24:47, 17.26s/it]
  5%|▌         | 40/751 [11:28<3:26:28, 17.42s/it]
                                                  

  5%|▌         | 40/751 [11:28<3:26:28, 17.42s/it]
  5%|▌         | 41/751 [11:45<3:25:32, 17.37s/it]
  6%|▌         | 42/751 [12:02<3:24:48, 17.33s/it]
  6%|▌         | 43/751 [12:20<3:24:46, 17.35s/it]
  6%|▌         | 44/751 [12:37<3:24:05, 17.32s/it]
  6%|▌         | 45/751 [12:54<3:23:29, 17.29s/it]
  6%|▌         | 46/751 [13:11<3:23:00, 17.28s/it]
  6%|▋         | 47/751 [13:28<3:22:30, 17.26s/it]
  6%|▋         | 48/751 [13:46<3:22:00, 17.24s/it]
  7%|▋         | 49/751 [14:03<3:21:35, 17.23s/it]
  7%|▋         | 50/751 [14:20<3:21:07, 17.21s/it]
                                                  

  7%|▋         | 50/751 [14:20<3:21:07, 17.21s/it]
  7%|▋         | 51/751 [14:38<3:25:03, 17.58s/it]
  7%|▋         | 52/751 [14:57<3:26:30, 17.73s/it]
  7%|▋         | 53/751 [15:14<3:25:23, 17.65s/it]
  7%|▋         | 54/751 [15:31<3:24:13, 17.58s/it]
  7%|▋         | 55/751 [15:49<3:23:09, 17.51s/it]
  7%|▋         | 56/751 [16:06<3:22:03, 17.44s/it]
  8%|▊         | 57/751 [16:23<3:21:09, 17.39s/it]
  8%|▊         | 58/751 [16:41<3:20:29, 17.36s/it]
  8%|▊         | 59/751 [16:58<3:19:51, 17.33s/it]
  8%|▊         | 60/751 [17:15<3:19:20, 17.31s/it]
                                                  

  8%|▊         | 60/751 [17:15<3:19:20, 17.31s/it]
  8%|▊         | 61/751 [17:33<3:19:31, 17.35s/it]
  8%|▊         | 62/751 [17:50<3:18:52, 17.32s/it]
  8%|▊         | 63/751 [18:07<3:19:29, 17.40s/it]
  9%|▊         | 64/751 [18:25<3:18:40, 17.35s/it]
  9%|▊         | 65/751 [18:42<3:18:01, 17.32s/it]
  9%|▉         | 66/751 [18:59<3:17:28, 17.30s/it]
  9%|▉         | 67/751 [19:16<3:17:02, 17.28s/it]
  9%|▉         | 68/751 [19:34<3:16:35, 17.27s/it]
  9%|▉         | 69/751 [19:51<3:16:10, 17.26s/it]
  9%|▉         | 70/751 [20:08<3:15:45, 17.25s/it]
                                                  

  9%|▉         | 70/751 [20:08<3:15:45, 17.25s/it]
  9%|▉         | 71/751 [20:25<3:15:21, 17.24s/it]
 10%|▉         | 72/751 [20:43<3:15:00, 17.23s/it]
 10%|▉         | 73/751 [21:00<3:15:20, 17.29s/it]
 10%|▉         | 74/751 [21:17<3:14:48, 17.27s/it]
 10%|▉         | 75/751 [21:35<3:15:23, 17.34s/it]
 10%|█         | 76/751 [21:53<3:18:01, 17.60s/it]
 10%|█         | 77/751 [22:10<3:16:25, 17.49s/it]
 10%|█         | 78/751 [22:27<3:14:52, 17.37s/it]
 11%|█         | 79/751 [22:44<3:13:37, 17.29s/it]
 11%|█         | 80/751 [23:01<3:12:33, 17.22s/it]
                                                  

 11%|█         | 80/751 [23:01<3:12:33, 17.22s/it]
 11%|█         | 81/751 [23:18<3:11:23, 17.14s/it]
 11%|█         | 82/751 [23:35<3:10:14, 17.06s/it]
 11%|█         | 83/751 [23:52<3:09:56, 17.06s/it]
 11%|█         | 84/751 [24:09<3:08:52, 16.99s/it]
 11%|█▏        | 85/751 [24:26<3:09:06, 17.04s/it]
 11%|█▏        | 86/751 [24:43<3:09:08, 17.07s/it]
 12%|█▏        | 87/751 [25:00<3:08:00, 16.99s/it]
 12%|█▏        | 88/751 [25:17<3:07:12, 16.94s/it]
 12%|█▏        | 89/751 [25:34<3:06:22, 16.89s/it]
 12%|█▏        | 90/751 [25:51<3:05:43, 16.86s/it]
                                                  

 12%|█▏        | 90/751 [25:51<3:05:43, 16.86s/it]
 12%|█▏        | 91/751 [26:07<3:05:14, 16.84s/it]
 12%|█▏        | 92/751 [26:24<3:04:48, 16.83s/it]
 12%|█▏        | 93/751 [26:41<3:04:19, 16.81s/it]
 13%|█▎        | 94/751 [26:58<3:03:57, 16.80s/it]
 13%|█▎        | 95/751 [27:15<3:04:18, 16.86s/it]
 13%|█▎        | 96/751 [27:32<3:04:55, 16.94s/it]
 13%|█▎        | 97/751 [27:49<3:04:06, 16.89s/it]
 13%|█▎        | 98/751 [28:05<3:03:25, 16.85s/it]
 13%|█▎        | 99/751 [28:22<3:02:51, 16.83s/it]
 13%|█▎        | 100/751 [28:39<3:02:23, 16.81s/it]
                                                   

 13%|█▎        | 100/751 [28:39<3:02:23, 16.81s/it]/home/e/e0389102/assignment7/finetuning_jobs/fsdp/fsdp-env/lib/python3.12/site-packages/torch/distributed/fsdp/fully_sharded_data_parallel.py:678: FutureWarning: FSDP.state_dict_type() and FSDP.set_state_dict_type() are being deprecated. Please use APIs, get_state_dict() and set_state_dict(), which can support different parallelisms, FSDP1, FSDP2, DDP. API doc: https://pytorch.org/docs/stable/distributed.checkpoint.html#torch.distributed.checkpoint.state_dict.get_state_dict .Tutorial: https://pytorch.org/tutorials/recipes/distributed_checkpoint_recipe.html .
  warnings.warn(
/home/e/e0389102/assignment7/finetuning_jobs/fsdp/fsdp-env/lib/python3.12/site-packages/torch/distributed/fsdp/fully_sharded_data_parallel.py:678: FutureWarning: FSDP.state_dict_type() and FSDP.set_state_dict_type() are being deprecated. Please use APIs, get_state_dict() and set_state_dict(), which can support different parallelisms, FSDP1, FSDP2, DDP. API doc: https://pytorch.org/docs/stable/distributed.checkpoint.html#torch.distributed.checkpoint.state_dict.get_state_dict .Tutorial: https://pytorch.org/tutorials/recipes/distributed_checkpoint_recipe.html .
  warnings.warn(

 13%|█▎        | 101/751 [29:51<6:01:19, 33.35s/it]
 14%|█▎        | 102/751 [30:08<5:08:30, 28.52s/it]
 14%|█▎        | 103/751 [30:25<4:31:54, 25.18s/it]
 14%|█▍        | 104/751 [30:43<4:05:09, 22.74s/it]
 14%|█▍        | 105/751 [31:00<3:46:08, 21.00s/it]
 14%|█▍        | 106/751 [31:17<3:34:01, 19.91s/it]
 14%|█▍        | 107/751 [31:34<3:23:39, 18.97s/it]
 14%|█▍        | 108/751 [31:50<3:16:20, 18.32s/it]
 15%|█▍        | 109/751 [32:07<3:11:08, 17.86s/it]
 15%|█▍        | 110/751 [32:24<3:07:22, 17.54s/it]
                                                   

 15%|█▍        | 110/751 [32:24<3:07:22, 17.54s/it]
 15%|█▍        | 111/751 [32:41<3:04:40, 17.31s/it]
 15%|█▍        | 112/751 [32:58<3:02:40, 17.15s/it]
 15%|█▌        | 113/751 [33:14<3:01:10, 17.04s/it]
 15%|█▌        | 114/751 [33:31<3:00:49, 17.03s/it]
 15%|█▌        | 115/751 [33:48<2:59:38, 16.95s/it]
 15%|█▌        | 116/751 [34:05<2:59:48, 16.99s/it]
 16%|█▌        | 117/751 [34:22<2:58:43, 16.91s/it]
 16%|█▌        | 118/751 [34:39<2:57:54, 16.86s/it]
 16%|█▌        | 119/751 [34:55<2:57:13, 16.83s/it]
 16%|█▌        | 120/751 [35:12<2:56:37, 16.80s/it]
                                                   

 16%|█▌        | 120/751 [35:12<2:56:37, 16.80s/it]
 16%|█▌        | 121/751 [35:29<2:56:35, 16.82s/it]
 16%|█▌        | 122/751 [35:46<2:55:58, 16.79s/it]
 16%|█▋        | 123/751 [36:02<2:55:23, 16.76s/it]
 17%|█▋        | 124/751 [36:19<2:54:58, 16.74s/it]
 17%|█▋        | 125/751 [36:36<2:55:21, 16.81s/it]
 17%|█▋        | 126/751 [36:54<2:59:32, 17.24s/it]
 17%|█▋        | 127/751 [37:12<2:59:32, 17.26s/it]
 17%|█▋        | 128/751 [37:29<2:59:44, 17.31s/it]
 17%|█▋        | 129/751 [37:46<2:58:39, 17.23s/it]
 17%|█▋        | 130/751 [38:03<2:57:37, 17.16s/it]
                                                   

 17%|█▋        | 130/751 [38:03<2:57:37, 17.16s/it]
 17%|█▋        | 131/751 [38:20<2:56:28, 17.08s/it]
 18%|█▊        | 132/751 [38:37<2:55:17, 16.99s/it]
 18%|█▊        | 133/751 [38:54<2:54:20, 16.93s/it]
 18%|█▊        | 134/751 [39:10<2:53:35, 16.88s/it]
 18%|█▊        | 135/751 [39:27<2:52:51, 16.84s/it]
 18%|█▊        | 136/751 [39:44<2:52:23, 16.82s/it]
 18%|█▊        | 137/751 [40:01<2:52:43, 16.88s/it]
 18%|█▊        | 138/751 [40:18<2:53:00, 16.93s/it]
 19%|█▊        | 139/751 [40:35<2:52:13, 16.88s/it]
 19%|█▊        | 140/751 [40:51<2:51:36, 16.85s/it]
                                                   

 19%|█▊        | 140/751 [40:51<2:51:36, 16.85s/it]
 19%|█▉        | 141/751 [41:08<2:51:02, 16.82s/it]
 19%|█▉        | 142/751 [41:25<2:50:31, 16.80s/it]
 19%|█▉        | 143/751 [41:42<2:50:06, 16.79s/it]
 19%|█▉        | 144/751 [41:59<2:49:45, 16.78s/it]
 19%|█▉        | 145/751 [42:15<2:49:26, 16.78s/it]
 19%|█▉        | 146/751 [42:32<2:49:06, 16.77s/it]
 20%|█▉        | 147/751 [42:49<2:48:43, 16.76s/it]
 20%|█▉        | 148/751 [43:06<2:49:12, 16.84s/it]
 20%|█▉        | 149/751 [43:23<2:49:23, 16.88s/it]
 20%|█▉        | 150/751 [43:40<2:48:41, 16.84s/it]
                                                   

 20%|█▉        | 150/751 [43:40<2:48:41, 16.84s/it]
 20%|██        | 151/751 [43:58<2:52:52, 17.29s/it]
 20%|██        | 152/751 [44:15<2:52:19, 17.26s/it]
 20%|██        | 153/751 [44:32<2:51:34, 17.22s/it]
 21%|██        | 154/751 [44:49<2:50:50, 17.17s/it]
 21%|██        | 155/751 [45:06<2:49:57, 17.11s/it]
 21%|██        | 156/751 [45:23<2:49:53, 17.13s/it]
 21%|██        | 157/751 [45:41<2:50:13, 17.19s/it]
 21%|██        | 158/751 [45:58<2:49:59, 17.20s/it]
 21%|██        | 159/751 [46:15<2:49:45, 17.21s/it]
 21%|██▏       | 160/751 [46:33<2:50:55, 17.35s/it]
                                                   

 21%|██▏       | 160/751 [46:33<2:50:55, 17.35s/it]
 21%|██▏       | 161/751 [46:50<2:50:11, 17.31s/it]
 22%|██▏       | 162/751 [47:07<2:49:33, 17.27s/it]
 22%|██▏       | 163/751 [47:24<2:48:58, 17.24s/it]
 22%|██▏       | 164/751 [47:42<2:48:28, 17.22s/it]
 22%|██▏       | 165/751 [47:59<2:47:58, 17.20s/it]
 22%|██▏       | 166/751 [48:16<2:47:33, 17.19s/it]
 22%|██▏       | 167/751 [48:33<2:47:10, 17.17s/it]
 22%|██▏       | 168/751 [48:50<2:46:49, 17.17s/it]
 23%|██▎       | 169/751 [49:07<2:46:32, 17.17s/it]
 23%|██▎       | 170/751 [49:25<2:47:33, 17.30s/it]
                                                   

 23%|██▎       | 170/751 [49:25<2:47:33, 17.30s/it]
 23%|██▎       | 171/751 [49:42<2:46:54, 17.27s/it]
 23%|██▎       | 172/751 [49:59<2:45:07, 17.11s/it]
 23%|██▎       | 173/751 [50:16<2:43:43, 17.00s/it]
 23%|██▎       | 174/751 [50:32<2:42:41, 16.92s/it]
 23%|██▎       | 175/751 [50:49<2:41:54, 16.87s/it]
 23%|██▎       | 176/751 [51:07<2:45:30, 17.27s/it]
 24%|██▎       | 177/751 [51:25<2:45:13, 17.27s/it]
 24%|██▎       | 178/751 [51:42<2:44:11, 17.19s/it]
 24%|██▍       | 179/751 [51:59<2:43:09, 17.11s/it]
 24%|██▍       | 180/751 [52:16<2:43:11, 17.15s/it]
                                                   

 24%|██▍       | 180/751 [52:16<2:43:11, 17.15s/it]
 24%|██▍       | 181/751 [52:34<2:44:40, 17.33s/it]
 24%|██▍       | 182/751 [52:51<2:44:13, 17.32s/it]
 24%|██▍       | 183/751 [53:08<2:43:47, 17.30s/it]
 25%|██▍       | 184/751 [53:25<2:43:21, 17.29s/it]
 25%|██▍       | 185/751 [53:43<2:42:57, 17.27s/it]
 25%|██▍       | 186/751 [54:00<2:42:33, 17.26s/it]
 25%|██▍       | 187/751 [54:17<2:42:07, 17.25s/it]
 25%|██▌       | 188/751 [54:34<2:41:47, 17.24s/it]
 25%|██▌       | 189/751 [54:51<2:41:28, 17.24s/it]
 25%|██▌       | 190/751 [55:09<2:41:09, 17.24s/it]
                                                   

 25%|██▌       | 190/751 [55:09<2:41:09, 17.24s/it]
 25%|██▌       | 191/751 [55:26<2:40:48, 17.23s/it]
 26%|██▌       | 192/751 [55:44<2:41:49, 17.37s/it]
 26%|██▌       | 193/751 [56:01<2:40:52, 17.30s/it]
 26%|██▌       | 194/751 [56:18<2:39:07, 17.14s/it]
 26%|██▌       | 195/751 [56:34<2:37:47, 17.03s/it]
 26%|██▌       | 196/751 [56:51<2:36:46, 16.95s/it]
 26%|██▌       | 197/751 [57:08<2:35:58, 16.89s/it]
 26%|██▋       | 198/751 [57:25<2:35:17, 16.85s/it]
 26%|██▋       | 199/751 [57:41<2:34:44, 16.82s/it]
 27%|██▋       | 200/751 [57:58<2:34:16, 16.80s/it]
                                                   

 27%|██▋       | 200/751 [57:58<2:34:16, 16.80s/it]/home/e/e0389102/assignment7/finetuning_jobs/fsdp/fsdp-env/lib/python3.12/site-packages/torch/distributed/fsdp/fully_sharded_data_parallel.py:678: FutureWarning: FSDP.state_dict_type() and FSDP.set_state_dict_type() are being deprecated. Please use APIs, get_state_dict() and set_state_dict(), which can support different parallelisms, FSDP1, FSDP2, DDP. API doc: https://pytorch.org/docs/stable/distributed.checkpoint.html#torch.distributed.checkpoint.state_dict.get_state_dict .Tutorial: https://pytorch.org/tutorials/recipes/distributed_checkpoint_recipe.html .
  warnings.warn(

 27%|██▋       | 201/751 [59:09<5:02:45, 33.03s/it]
 27%|██▋       | 202/751 [59:27<4:20:26, 28.46s/it]
 27%|██▋       | 203/751 [59:44<3:49:44, 25.15s/it]
 27%|██▋       | 204/751 [1:00:01<3:27:21, 22.75s/it]
 27%|██▋       | 205/751 [1:00:18<3:11:25, 21.04s/it]
 27%|██▋       | 206/751 [1:00:35<2:59:55, 19.81s/it]
 28%|██▊       | 207/751 [1:00:52<2:51:30, 18.92s/it]
 28%|██▊       | 208/751 [1:01:09<2:45:39, 18.30s/it]
 28%|██▊       | 209/751 [1:01:26<2:41:44, 17.91s/it]
 28%|██▊       | 210/751 [1:01:43<2:39:48, 17.72s/it]
                                                     

 28%|██▊       | 210/751 [1:01:43<2:39:48, 17.72s/it]
 28%|██▊       | 211/751 [1:02:01<2:38:10, 17.57s/it]
 28%|██▊       | 212/751 [1:02:18<2:36:56, 17.47s/it]
 28%|██▊       | 213/751 [1:02:35<2:36:49, 17.49s/it]
 28%|██▊       | 214/751 [1:02:53<2:36:31, 17.49s/it]
 29%|██▊       | 215/751 [1:03:10<2:35:30, 17.41s/it]
 29%|██▉       | 216/751 [1:03:27<2:34:42, 17.35s/it]
 29%|██▉       | 217/751 [1:03:44<2:34:04, 17.31s/it]
 29%|██▉       | 218/751 [1:04:02<2:33:30, 17.28s/it]
 29%|██▉       | 219/751 [1:04:19<2:33:04, 17.26s/it]
 29%|██▉       | 220/751 [1:04:36<2:32:39, 17.25s/it]
                                                     

 29%|██▉       | 220/751 [1:04:36<2:32:39, 17.25s/it]
 29%|██▉       | 221/751 [1:04:53<2:32:15, 17.24s/it]
 30%|██▉       | 222/751 [1:05:10<2:31:48, 17.22s/it]
 30%|██▉       | 223/751 [1:05:28<2:32:04, 17.28s/it]
 30%|██▉       | 224/751 [1:05:45<2:32:14, 17.33s/it]
 30%|██▉       | 225/751 [1:06:03<2:31:41, 17.30s/it]
 30%|███       | 226/751 [1:06:21<2:34:06, 17.61s/it]
 30%|███       | 227/751 [1:06:39<2:33:46, 17.61s/it]
 30%|███       | 228/751 [1:06:56<2:33:04, 17.56s/it]
 30%|███       | 229/751 [1:07:14<2:32:45, 17.56s/it]
 31%|███       | 230/751 [1:07:31<2:31:59, 17.50s/it]
                                                     

 31%|███       | 230/751 [1:07:31<2:31:59, 17.50s/it]
 31%|███       | 231/751 [1:07:48<2:31:14, 17.45s/it]
 31%|███       | 232/751 [1:08:06<2:30:33, 17.41s/it]
 31%|███       | 233/751 [1:08:23<2:29:59, 17.37s/it]
 31%|███       | 234/751 [1:08:40<2:29:25, 17.34s/it]
 31%|███▏      | 235/751 [1:08:58<2:29:32, 17.39s/it]
 31%|███▏      | 236/751 [1:09:15<2:29:29, 17.42s/it]
 32%|███▏      | 237/751 [1:09:32<2:28:46, 17.37s/it]
 32%|███▏      | 238/751 [1:09:50<2:28:14, 17.34s/it]
 32%|███▏      | 239/751 [1:10:07<2:27:42, 17.31s/it]
 32%|███▏      | 240/751 [1:10:24<2:26:01, 17.15s/it]
                                                     

 32%|███▏      | 240/751 [1:10:24<2:26:01, 17.15s/it]
 32%|███▏      | 241/751 [1:10:40<2:24:47, 17.03s/it]
 32%|███▏      | 242/751 [1:10:57<2:23:52, 16.96s/it]
 32%|███▏      | 243/751 [1:11:14<2:23:06, 16.90s/it]
 32%|███▏      | 244/751 [1:11:31<2:22:29, 16.86s/it]
 33%|███▎      | 245/751 [1:11:48<2:23:08, 16.97s/it]
 33%|███▎      | 246/751 [1:12:05<2:22:21, 16.91s/it]
 33%|███▎      | 247/751 [1:12:21<2:21:44, 16.87s/it]
 33%|███▎      | 248/751 [1:12:38<2:21:13, 16.85s/it]
 33%|███▎      | 249/751 [1:12:55<2:20:42, 16.82s/it]
 33%|███▎      | 250/751 [1:13:12<2:20:17, 16.80s/it]
                                                     

 33%|███▎      | 250/751 [1:13:12<2:20:17, 16.80s/it]
 33%|███▎      | 251/751 [1:13:30<2:23:09, 17.18s/it]
 34%|███▎      | 252/751 [1:13:47<2:22:55, 17.19s/it]
 34%|███▎      | 253/751 [1:14:04<2:22:25, 17.16s/it]
 34%|███▍      | 254/751 [1:14:21<2:21:53, 17.13s/it]
 34%|███▍      | 255/751 [1:14:38<2:21:12, 17.08s/it]
 34%|███▍      | 256/751 [1:14:55<2:21:00, 17.09s/it]
 34%|███▍      | 257/751 [1:15:12<2:20:27, 17.06s/it]
 34%|███▍      | 258/751 [1:15:29<2:19:32, 16.98s/it]
 34%|███▍      | 259/751 [1:15:46<2:18:47, 16.93s/it]
 35%|███▍      | 260/751 [1:16:03<2:18:10, 16.89s/it]
                                                     

 35%|███▍      | 260/751 [1:16:03<2:18:10, 16.89s/it]
 35%|███▍      | 261/751 [1:16:19<2:17:39, 16.86s/it]
 35%|███▍      | 262/751 [1:16:36<2:17:12, 16.84s/it]
 35%|███▌      | 263/751 [1:16:53<2:16:49, 16.82s/it]
 35%|███▌      | 264/751 [1:17:10<2:16:24, 16.81s/it]
 35%|███▌      | 265/751 [1:17:27<2:16:08, 16.81s/it]
 35%|███▌      | 266/751 [1:17:43<2:15:48, 16.80s/it]
 36%|███▌      | 267/751 [1:18:01<2:16:37, 16.94s/it]
 36%|███▌      | 268/751 [1:18:17<2:16:02, 16.90s/it]
 36%|███▌      | 269/751 [1:18:34<2:15:31, 16.87s/it]
 36%|███▌      | 270/751 [1:18:51<2:15:03, 16.85s/it]
                                                     

 36%|███▌      | 270/751 [1:18:51<2:15:03, 16.85s/it]
 36%|███▌      | 271/751 [1:19:08<2:14:36, 16.83s/it]
 36%|███▌      | 272/751 [1:19:25<2:14:09, 16.81s/it]
 36%|███▋      | 273/751 [1:19:41<2:13:46, 16.79s/it]
 36%|███▋      | 274/751 [1:19:58<2:13:29, 16.79s/it]
 37%|███▋      | 275/751 [1:20:15<2:13:09, 16.78s/it]
 37%|███▋      | 276/751 [1:20:33<2:16:19, 17.22s/it]
 37%|███▋      | 277/751 [1:20:50<2:16:01, 17.22s/it]
 37%|███▋      | 278/751 [1:21:08<2:16:39, 17.34s/it]
 37%|███▋      | 279/751 [1:21:25<2:15:48, 17.26s/it]
 37%|███▋      | 280/751 [1:21:42<2:14:55, 17.19s/it]
                                                     

 37%|███▋      | 280/751 [1:21:42<2:14:55, 17.19s/it]
 37%|███▋      | 281/751 [1:21:59<2:14:04, 17.12s/it]
 38%|███▊      | 282/751 [1:22:16<2:13:04, 17.03s/it]
 38%|███▊      | 283/751 [1:22:33<2:12:16, 16.96s/it]
 38%|███▊      | 284/751 [1:22:49<2:11:34, 16.90s/it]
 38%|███▊      | 285/751 [1:23:06<2:10:59, 16.86s/it]
 38%|███▊      | 286/751 [1:23:23<2:10:32, 16.84s/it]
 38%|███▊      | 287/751 [1:23:40<2:10:04, 16.82s/it]
 38%|███▊      | 288/751 [1:23:57<2:09:38, 16.80s/it]
 38%|███▊      | 289/751 [1:24:14<2:09:49, 16.86s/it]
 39%|███▊      | 290/751 [1:24:30<2:09:46, 16.89s/it]
                                                     

 39%|███▊      | 290/751 [1:24:30<2:09:46, 16.89s/it]
 39%|███▊      | 291/751 [1:24:47<2:09:13, 16.86s/it]
 39%|███▉      | 292/751 [1:25:04<2:08:42, 16.83s/it]
 39%|███▉      | 293/751 [1:25:21<2:08:16, 16.80s/it]
 39%|███▉      | 294/751 [1:25:37<2:07:50, 16.78s/it]
 39%|███▉      | 295/751 [1:25:54<2:07:26, 16.77s/it]
 39%|███▉      | 296/751 [1:26:11<2:07:04, 16.76s/it]
 40%|███▉      | 297/751 [1:26:28<2:06:44, 16.75s/it]
 40%|███▉      | 298/751 [1:26:44<2:06:24, 16.74s/it]
 40%|███▉      | 299/751 [1:27:01<2:06:37, 16.81s/it]
 40%|███▉      | 300/751 [1:27:18<2:06:37, 16.85s/it]
                                                     

 40%|███▉      | 300/751 [1:27:18<2:06:37, 16.85s/it]/home/e/e0389102/assignment7/finetuning_jobs/fsdp/fsdp-env/lib/python3.12/site-packages/torch/distributed/fsdp/fully_sharded_data_parallel.py:678: FutureWarning: FSDP.state_dict_type() and FSDP.set_state_dict_type() are being deprecated. Please use APIs, get_state_dict() and set_state_dict(), which can support different parallelisms, FSDP1, FSDP2, DDP. API doc: https://pytorch.org/docs/stable/distributed.checkpoint.html#torch.distributed.checkpoint.state_dict.get_state_dict .Tutorial: https://pytorch.org/tutorials/recipes/distributed_checkpoint_recipe.html .
  warnings.warn(

 40%|████      | 301/751 [1:28:29<4:07:58, 33.06s/it]
 40%|████      | 302/751 [1:28:46<3:31:55, 28.32s/it]
 40%|████      | 303/751 [1:29:04<3:06:29, 24.98s/it]
 40%|████      | 304/751 [1:29:21<2:48:31, 22.62s/it]
 41%|████      | 305/751 [1:29:38<2:35:48, 20.96s/it]
 41%|████      | 306/751 [1:29:55<2:26:38, 19.77s/it]
 41%|████      | 307/751 [1:30:12<2:20:07, 18.94s/it]
 41%|████      | 308/751 [1:30:29<2:15:20, 18.33s/it]
 41%|████      | 309/751 [1:30:46<2:11:45, 17.89s/it]
 41%|████▏     | 310/751 [1:31:02<2:09:05, 17.56s/it]
                                                     

 41%|████▏     | 310/751 [1:31:02<2:09:05, 17.56s/it]
 41%|████▏     | 311/751 [1:31:19<2:07:42, 17.42s/it]
 42%|████▏     | 312/751 [1:31:37<2:06:43, 17.32s/it]
 42%|████▏     | 313/751 [1:31:53<2:05:17, 17.16s/it]
 42%|████▏     | 314/751 [1:32:10<2:04:12, 17.05s/it]
 42%|████▏     | 315/751 [1:32:27<2:03:17, 16.97s/it]
 42%|████▏     | 316/751 [1:32:44<2:02:35, 16.91s/it]
 42%|████▏     | 317/751 [1:33:01<2:02:04, 16.88s/it]
 42%|████▏     | 318/751 [1:33:17<2:01:36, 16.85s/it]
 42%|████▏     | 319/751 [1:33:34<2:01:09, 16.83s/it]
 43%|████▎     | 320/751 [1:33:51<2:00:43, 16.81s/it]
                                                     

 43%|████▎     | 320/751 [1:33:51<2:00:43, 16.81s/it]
 43%|████▎     | 321/751 [1:34:08<2:00:57, 16.88s/it]
 43%|████▎     | 322/751 [1:34:25<2:01:05, 16.93s/it]
 43%|████▎     | 323/751 [1:34:42<2:00:29, 16.89s/it]
 43%|████▎     | 324/751 [1:34:59<2:00:01, 16.87s/it]
 43%|████▎     | 325/751 [1:35:15<1:59:36, 16.85s/it]
 43%|████▎     | 326/751 [1:35:33<2:01:58, 17.22s/it]
 44%|████▎     | 327/751 [1:35:51<2:01:48, 17.24s/it]
 44%|████▎     | 328/751 [1:36:08<2:01:16, 17.20s/it]
 44%|████▍     | 329/751 [1:36:25<2:00:47, 17.18s/it]
 44%|████▍     | 330/751 [1:36:42<2:00:10, 17.13s/it]
                                                     

 44%|████▍     | 330/751 [1:36:42<2:00:10, 17.13s/it]
 44%|████▍     | 331/751 [1:36:59<1:59:27, 17.06s/it]
 44%|████▍     | 332/751 [1:37:16<1:58:38, 16.99s/it]
 44%|████▍     | 333/751 [1:37:33<1:58:31, 17.01s/it]
 44%|████▍     | 334/751 [1:37:50<1:58:22, 17.03s/it]
 45%|████▍     | 335/751 [1:38:07<1:57:35, 16.96s/it]
 45%|████▍     | 336/751 [1:38:23<1:56:58, 16.91s/it]
 45%|████▍     | 337/751 [1:38:40<1:56:27, 16.88s/it]
 45%|████▌     | 338/751 [1:38:57<1:55:56, 16.84s/it]
 45%|████▌     | 339/751 [1:39:14<1:55:33, 16.83s/it]
 45%|████▌     | 340/751 [1:39:31<1:55:09, 16.81s/it]
                                                     

 45%|████▌     | 340/751 [1:39:31<1:55:09, 16.81s/it]
 45%|████▌     | 341/751 [1:39:47<1:54:50, 16.81s/it]
 46%|████▌     | 342/751 [1:40:04<1:54:30, 16.80s/it]
 46%|████▌     | 343/751 [1:40:21<1:54:10, 16.79s/it]
 46%|████▌     | 344/751 [1:40:38<1:55:07, 16.97s/it]
 46%|████▌     | 345/751 [1:40:56<1:55:56, 17.13s/it]
 46%|████▌     | 346/751 [1:41:13<1:55:50, 17.16s/it]
 46%|████▌     | 347/751 [1:41:30<1:55:39, 17.18s/it]
 46%|████▋     | 348/751 [1:41:47<1:55:23, 17.18s/it]
 46%|████▋     | 349/751 [1:42:05<1:55:09, 17.19s/it]
 47%|████▋     | 350/751 [1:42:22<1:54:52, 17.19s/it]
                                                     

 47%|████▋     | 350/751 [1:42:22<1:54:52, 17.19s/it]
 47%|████▋     | 351/751 [1:42:40<1:56:49, 17.52s/it]
 47%|████▋     | 352/751 [1:42:58<1:56:29, 17.52s/it]
 47%|████▋     | 353/751 [1:43:15<1:55:59, 17.49s/it]
 47%|████▋     | 354/751 [1:43:32<1:55:26, 17.45s/it]
 47%|████▋     | 355/751 [1:43:50<1:55:21, 17.48s/it]
 47%|████▋     | 356/751 [1:44:07<1:55:10, 17.49s/it]
 48%|████▊     | 357/751 [1:44:25<1:54:22, 17.42s/it]
 48%|████▊     | 358/751 [1:44:42<1:53:44, 17.37s/it]
 48%|████▊     | 359/751 [1:44:59<1:53:15, 17.34s/it]
 48%|████▊     | 360/751 [1:45:16<1:52:46, 17.31s/it]
                                                     

 48%|████▊     | 360/751 [1:45:16<1:52:46, 17.31s/it]
 48%|████▊     | 361/751 [1:45:34<1:52:21, 17.29s/it]
 48%|████▊     | 362/751 [1:45:51<1:51:56, 17.27s/it]
 48%|████▊     | 363/751 [1:46:08<1:51:33, 17.25s/it]
 48%|████▊     | 364/751 [1:46:25<1:51:12, 17.24s/it]
 49%|████▊     | 365/751 [1:46:43<1:50:52, 17.23s/it]
 49%|████▊     | 366/751 [1:47:00<1:50:32, 17.23s/it]
 49%|████▉     | 367/751 [1:47:18<1:51:14, 17.38s/it]
 49%|████▉     | 368/751 [1:47:35<1:50:37, 17.33s/it]
 49%|████▉     | 369/751 [1:47:52<1:50:09, 17.30s/it]
 49%|████▉     | 370/751 [1:48:09<1:49:42, 17.28s/it]
                                                     

 49%|████▉     | 370/751 [1:48:09<1:49:42, 17.28s/it]
 49%|████▉     | 371/751 [1:48:26<1:49:18, 17.26s/it]
 50%|████▉     | 372/751 [1:48:44<1:48:56, 17.25s/it]
 50%|████▉     | 373/751 [1:49:01<1:48:35, 17.24s/it]
 50%|████▉     | 374/751 [1:49:18<1:48:15, 17.23s/it]
 50%|████▉     | 375/751 [1:49:35<1:47:55, 17.22s/it]
 50%|█████     | 376/751 [1:49:54<1:49:52, 17.58s/it]
 50%|█████     | 377/751 [1:50:12<1:50:12, 17.68s/it]
 50%|█████     | 378/751 [1:50:29<1:49:57, 17.69s/it]
 50%|█████     | 379/751 [1:50:47<1:49:08, 17.60s/it]
 51%|█████     | 380/751 [1:51:04<1:48:20, 17.52s/it]
                                                     

 51%|█████     | 380/751 [1:51:04<1:48:20, 17.52s/it]
 51%|█████     | 381/751 [1:51:21<1:47:37, 17.45s/it]
 51%|█████     | 382/751 [1:51:39<1:46:56, 17.39s/it]
 51%|█████     | 383/751 [1:51:56<1:46:22, 17.34s/it]
 51%|█████     | 384/751 [1:52:13<1:45:53, 17.31s/it]
 51%|█████▏    | 385/751 [1:52:30<1:45:27, 17.29s/it]
 51%|█████▏    | 386/751 [1:52:47<1:44:48, 17.23s/it]
 52%|█████▏    | 387/751 [1:53:04<1:43:44, 17.10s/it]
 52%|█████▏    | 388/751 [1:53:22<1:43:57, 17.18s/it]
 52%|█████▏    | 389/751 [1:53:38<1:42:58, 17.07s/it]
 52%|█████▏    | 390/751 [1:53:55<1:42:12, 16.99s/it]
                                                     

 52%|█████▏    | 390/751 [1:53:55<1:42:12, 16.99s/it]
 52%|█████▏    | 391/751 [1:54:12<1:41:33, 16.93s/it]
 52%|█████▏    | 392/751 [1:54:29<1:41:01, 16.88s/it]
 52%|█████▏    | 393/751 [1:54:45<1:40:34, 16.86s/it]
 52%|█████▏    | 394/751 [1:55:02<1:40:10, 16.84s/it]
 53%|█████▎    | 395/751 [1:55:19<1:39:46, 16.82s/it]
 53%|█████▎    | 396/751 [1:55:36<1:39:27, 16.81s/it]
 53%|█████▎    | 397/751 [1:55:53<1:39:11, 16.81s/it]
 53%|█████▎    | 398/751 [1:56:09<1:38:53, 16.81s/it]
 53%|█████▎    | 399/751 [1:56:27<1:38:59, 16.87s/it]
 53%|█████▎    | 400/751 [1:56:43<1:38:54, 16.91s/it]
                                                     

 53%|█████▎    | 400/751 [1:56:43<1:38:54, 16.91s/it]/home/e/e0389102/assignment7/finetuning_jobs/fsdp/fsdp-env/lib/python3.12/site-packages/torch/distributed/fsdp/fully_sharded_data_parallel.py:678: FutureWarning: FSDP.state_dict_type() and FSDP.set_state_dict_type() are being deprecated. Please use APIs, get_state_dict() and set_state_dict(), which can support different parallelisms, FSDP1, FSDP2, DDP. API doc: https://pytorch.org/docs/stable/distributed.checkpoint.html#torch.distributed.checkpoint.state_dict.get_state_dict .Tutorial: https://pytorch.org/tutorials/recipes/distributed_checkpoint_recipe.html .
  warnings.warn(

 53%|█████▎    | 401/751 [1:57:54<3:13:12, 33.12s/it]
 54%|█████▎    | 402/751 [1:58:12<2:45:29, 28.45s/it]
 54%|█████▎    | 403/751 [1:58:29<2:25:27, 25.08s/it]
 54%|█████▍    | 404/751 [1:58:46<2:11:18, 22.70s/it]
 54%|█████▍    | 405/751 [1:59:04<2:01:21, 21.04s/it]
 54%|█████▍    | 406/751 [1:59:21<1:54:07, 19.85s/it]
 54%|█████▍    | 407/751 [1:59:38<1:48:49, 18.98s/it]
 54%|█████▍    | 408/751 [1:59:54<1:44:50, 18.34s/it]
 54%|█████▍    | 409/751 [2:00:11<1:41:56, 17.88s/it]
 55%|█████▍    | 410/751 [2:00:28<1:40:16, 17.64s/it]
                                                     

 55%|█████▍    | 410/751 [2:00:28<1:40:16, 17.64s/it]
 55%|█████▍    | 411/751 [2:00:45<1:39:03, 17.48s/it]
 55%|█████▍    | 412/751 [2:01:02<1:37:37, 17.28s/it]
 55%|█████▍    | 413/751 [2:01:19<1:36:29, 17.13s/it]
 55%|█████▌    | 414/751 [2:01:36<1:35:38, 17.03s/it]
 55%|█████▌    | 415/751 [2:01:53<1:34:58, 16.96s/it]
 55%|█████▌    | 416/751 [2:02:09<1:34:22, 16.90s/it]
 56%|█████▌    | 417/751 [2:02:26<1:33:52, 16.86s/it]
 56%|█████▌    | 418/751 [2:02:43<1:33:26, 16.84s/it]
 56%|█████▌    | 419/751 [2:03:00<1:33:04, 16.82s/it]
 56%|█████▌    | 420/751 [2:03:16<1:32:41, 16.80s/it]
                                                     

 56%|█████▌    | 420/751 [2:03:16<1:32:41, 16.80s/it]
 56%|█████▌    | 421/751 [2:03:34<1:33:10, 16.94s/it]
 56%|█████▌    | 422/751 [2:03:50<1:32:31, 16.87s/it]
 56%|█████▋    | 423/751 [2:04:07<1:32:00, 16.83s/it]
 56%|█████▋    | 424/751 [2:04:24<1:31:35, 16.80s/it]
 57%|█████▋    | 425/751 [2:04:41<1:31:11, 16.78s/it]
 57%|█████▋    | 426/751 [2:04:59<1:33:17, 17.22s/it]
 57%|█████▋    | 427/751 [2:05:16<1:32:51, 17.20s/it]
 57%|█████▋    | 428/751 [2:05:33<1:32:25, 17.17s/it]
 57%|█████▋    | 429/751 [2:05:50<1:31:59, 17.14s/it]
 57%|█████▋    | 430/751 [2:06:07<1:31:26, 17.09s/it]
                                                     

 57%|█████▋    | 430/751 [2:06:07<1:31:26, 17.09s/it]
 57%|█████▋    | 431/751 [2:06:24<1:30:52, 17.04s/it]
 58%|█████▊    | 432/751 [2:06:41<1:30:42, 17.06s/it]
 58%|█████▊    | 433/751 [2:06:58<1:30:27, 17.07s/it]
 58%|█████▊    | 434/751 [2:07:15<1:29:54, 17.02s/it]
 58%|█████▊    | 435/751 [2:07:32<1:29:15, 16.95s/it]
 58%|█████▊    | 436/751 [2:07:49<1:28:42, 16.90s/it]
 58%|█████▊    | 437/751 [2:08:06<1:28:13, 16.86s/it]
 58%|█████▊    | 438/751 [2:08:22<1:27:46, 16.83s/it]
 58%|█████▊    | 439/751 [2:08:39<1:27:23, 16.80s/it]
 59%|█████▊    | 440/751 [2:08:56<1:27:01, 16.79s/it]
                                                     

 59%|█████▊    | 440/751 [2:08:56<1:27:01, 16.79s/it]
 59%|█████▊    | 441/751 [2:09:13<1:26:41, 16.78s/it]
 59%|█████▉    | 442/751 [2:09:30<1:26:46, 16.85s/it]
 59%|█████▉    | 443/751 [2:09:47<1:26:50, 16.92s/it]
 59%|█████▉    | 444/751 [2:10:03<1:26:17, 16.86s/it]
 59%|█████▉    | 445/751 [2:10:20<1:25:48, 16.83s/it]
 59%|█████▉    | 446/751 [2:10:37<1:25:24, 16.80s/it]
 60%|█████▉    | 447/751 [2:10:54<1:25:01, 16.78s/it]
 60%|█████▉    | 448/751 [2:11:10<1:24:39, 16.76s/it]
 60%|█████▉    | 449/751 [2:11:27<1:24:20, 16.76s/it]
 60%|█████▉    | 450/751 [2:11:44<1:23:59, 16.74s/it]
                                                     

 60%|█████▉    | 450/751 [2:11:44<1:23:59, 16.74s/it]
 60%|██████    | 451/751 [2:12:02<1:25:49, 17.16s/it]
 60%|██████    | 452/751 [2:12:19<1:25:36, 17.18s/it]
 60%|██████    | 453/751 [2:12:36<1:25:16, 17.17s/it]
 60%|██████    | 454/751 [2:12:54<1:25:15, 17.22s/it]
 61%|██████    | 455/751 [2:13:11<1:25:01, 17.23s/it]
 61%|██████    | 456/751 [2:13:28<1:24:20, 17.15s/it]
 61%|██████    | 457/751 [2:13:45<1:23:40, 17.08s/it]
 61%|██████    | 458/751 [2:14:02<1:23:02, 17.01s/it]
 61%|██████    | 459/751 [2:14:18<1:22:31, 16.96s/it]
 61%|██████▏   | 460/751 [2:14:35<1:22:03, 16.92s/it]
                                                     

 61%|██████▏   | 460/751 [2:14:35<1:22:03, 16.92s/it]
 61%|██████▏   | 461/751 [2:14:52<1:21:38, 16.89s/it]
 62%|██████▏   | 462/751 [2:15:09<1:21:15, 16.87s/it]
 62%|██████▏   | 463/751 [2:15:26<1:20:53, 16.85s/it]
 62%|██████▏   | 464/751 [2:15:43<1:20:37, 16.85s/it]
 62%|██████▏   | 465/751 [2:16:00<1:21:00, 17.00s/it]
 62%|██████▏   | 466/751 [2:16:17<1:20:28, 16.94s/it]
 62%|██████▏   | 467/751 [2:16:33<1:19:58, 16.90s/it]
 62%|██████▏   | 468/751 [2:16:50<1:19:33, 16.87s/it]
 62%|██████▏   | 469/751 [2:17:07<1:19:09, 16.84s/it]
 63%|██████▎   | 470/751 [2:17:24<1:18:45, 16.82s/it]
                                                     

 63%|██████▎   | 470/751 [2:17:24<1:18:45, 16.82s/it]
 63%|██████▎   | 471/751 [2:17:41<1:18:30, 16.82s/it]
 63%|██████▎   | 472/751 [2:17:57<1:18:12, 16.82s/it]
 63%|██████▎   | 473/751 [2:18:14<1:17:53, 16.81s/it]
 63%|██████▎   | 474/751 [2:18:31<1:17:34, 16.80s/it]
 63%|██████▎   | 475/751 [2:18:48<1:17:35, 16.87s/it]
 63%|██████▎   | 476/751 [2:19:06<1:18:54, 17.22s/it]
 64%|██████▎   | 477/751 [2:19:23<1:18:34, 17.21s/it]
 64%|██████▎   | 478/751 [2:19:41<1:18:31, 17.26s/it]
 64%|██████▍   | 479/751 [2:19:58<1:18:01, 17.21s/it]
 64%|██████▍   | 480/751 [2:20:15<1:17:29, 17.16s/it]
                                                     

 64%|██████▍   | 480/751 [2:20:15<1:17:29, 17.16s/it]
 64%|██████▍   | 481/751 [2:20:32<1:16:51, 17.08s/it]
 64%|██████▍   | 482/751 [2:20:49<1:16:16, 17.01s/it]
 64%|██████▍   | 483/751 [2:21:05<1:15:44, 16.96s/it]
 64%|██████▍   | 484/751 [2:21:22<1:15:15, 16.91s/it]
 65%|██████▍   | 485/751 [2:21:39<1:14:49, 16.88s/it]
 65%|██████▍   | 486/751 [2:21:56<1:14:27, 16.86s/it]
 65%|██████▍   | 487/751 [2:22:13<1:14:22, 16.90s/it]
 65%|██████▍   | 488/751 [2:22:30<1:14:12, 16.93s/it]
 65%|██████▌   | 489/751 [2:22:47<1:13:41, 16.88s/it]
 65%|██████▌   | 490/751 [2:23:03<1:13:15, 16.84s/it]
                                                     

 65%|██████▌   | 490/751 [2:23:03<1:13:15, 16.84s/it]
 65%|██████▌   | 491/751 [2:23:20<1:12:52, 16.82s/it]
 66%|██████▌   | 492/751 [2:23:37<1:12:31, 16.80s/it]
 66%|██████▌   | 493/751 [2:23:54<1:12:09, 16.78s/it]
 66%|██████▌   | 494/751 [2:24:10<1:11:50, 16.77s/it]
 66%|██████▌   | 495/751 [2:24:27<1:11:32, 16.77s/it]
 66%|██████▌   | 496/751 [2:24:44<1:11:11, 16.75s/it]
 66%|██████▌   | 497/751 [2:25:01<1:11:09, 16.81s/it]
 66%|██████▋   | 498/751 [2:25:17<1:10:45, 16.78s/it]
 66%|██████▋   | 499/751 [2:25:34<1:10:23, 16.76s/it]
 67%|██████▋   | 500/751 [2:25:51<1:10:18, 16.81s/it]
                                                     

 67%|██████▋   | 500/751 [2:25:51<1:10:18, 16.81s/it]/home/e/e0389102/assignment7/finetuning_jobs/fsdp/fsdp-env/lib/python3.12/site-packages/torch/distributed/fsdp/fully_sharded_data_parallel.py:678: FutureWarning: FSDP.state_dict_type() and FSDP.set_state_dict_type() are being deprecated. Please use APIs, get_state_dict() and set_state_dict(), which can support different parallelisms, FSDP1, FSDP2, DDP. API doc: https://pytorch.org/docs/stable/distributed.checkpoint.html#torch.distributed.checkpoint.state_dict.get_state_dict .Tutorial: https://pytorch.org/tutorials/recipes/distributed_checkpoint_recipe.html .
  warnings.warn(

 67%|██████▋   | 501/751 [2:27:02<2:17:38, 33.04s/it]
 67%|██████▋   | 502/751 [2:27:19<1:57:20, 28.27s/it]
 67%|██████▋   | 503/751 [2:27:36<1:43:00, 24.92s/it]
 67%|██████▋   | 504/751 [2:27:53<1:32:53, 22.57s/it]
 67%|██████▋   | 505/751 [2:28:10<1:25:39, 20.89s/it]
 67%|██████▋   | 506/751 [2:28:27<1:20:26, 19.70s/it]
 68%|██████▊   | 507/751 [2:28:44<1:16:40, 18.86s/it]
 68%|██████▊   | 508/751 [2:29:01<1:14:12, 18.32s/it]
 68%|██████▊   | 509/751 [2:29:18<1:12:25, 17.96s/it]
 68%|██████▊   | 510/751 [2:29:35<1:10:45, 17.62s/it]
                                                     

 68%|██████▊   | 510/751 [2:29:35<1:10:45, 17.62s/it]
 68%|██████▊   | 511/751 [2:29:52<1:09:29, 17.37s/it]
 68%|██████▊   | 512/751 [2:30:09<1:08:31, 17.20s/it]
 68%|██████▊   | 513/751 [2:30:26<1:07:46, 17.09s/it]
 68%|██████▊   | 514/751 [2:30:42<1:07:08, 17.00s/it]
 69%|██████▊   | 515/751 [2:30:59<1:06:38, 16.94s/it]
 69%|██████▊   | 516/751 [2:31:16<1:06:13, 16.91s/it]
 69%|██████▉   | 517/751 [2:31:33<1:05:47, 16.87s/it]
 69%|██████▉   | 518/751 [2:31:50<1:05:26, 16.85s/it]
 69%|██████▉   | 519/751 [2:32:07<1:05:25, 16.92s/it]
 69%|██████▉   | 520/751 [2:32:24<1:05:17, 16.96s/it]
                                                     

 69%|██████▉   | 520/751 [2:32:24<1:05:17, 16.96s/it]
 69%|██████▉   | 521/751 [2:32:41<1:04:51, 16.92s/it]
 70%|██████▉   | 522/751 [2:32:57<1:04:26, 16.88s/it]
 70%|██████▉   | 523/751 [2:33:14<1:04:02, 16.85s/it]
 70%|██████▉   | 524/751 [2:33:31<1:03:39, 16.83s/it]
 70%|██████▉   | 525/751 [2:33:48<1:03:18, 16.81s/it]
 70%|███████   | 526/751 [2:34:06<1:04:28, 17.19s/it]
 70%|███████   | 527/751 [2:34:23<1:04:22, 17.24s/it]
 70%|███████   | 528/751 [2:34:40<1:03:58, 17.21s/it]
 70%|███████   | 529/751 [2:34:58<1:03:53, 17.27s/it]
 71%|███████   | 530/751 [2:35:15<1:03:45, 17.31s/it]
                                                     

 71%|███████   | 530/751 [2:35:15<1:03:45, 17.31s/it]
 71%|███████   | 531/751 [2:35:32<1:03:07, 17.22s/it]
 71%|███████   | 532/751 [2:35:49<1:02:32, 17.13s/it]
 71%|███████   | 533/751 [2:36:06<1:01:56, 17.05s/it]
 71%|███████   | 534/751 [2:36:23<1:01:25, 16.98s/it]
 71%|███████   | 535/751 [2:36:40<1:00:59, 16.94s/it]
 71%|███████▏  | 536/751 [2:36:56<1:00:33, 16.90s/it]
 72%|███████▏  | 537/751 [2:37:13<1:00:11, 16.87s/it]
 72%|███████▏  | 538/751 [2:37:30<59:50, 16.86s/it]  
 72%|███████▏  | 539/751 [2:37:47<59:29, 16.84s/it]
 72%|███████▏  | 540/751 [2:38:04<59:41, 16.97s/it]
                                                   

 72%|███████▏  | 540/751 [2:38:04<59:41, 16.97s/it]
 72%|███████▏  | 541/751 [2:38:21<59:12, 16.92s/it]
 72%|███████▏  | 542/751 [2:38:38<58:48, 16.88s/it]
 72%|███████▏  | 543/751 [2:38:54<58:25, 16.85s/it]
 72%|███████▏  | 544/751 [2:39:11<58:03, 16.83s/it]
 73%|███████▎  | 545/751 [2:39:28<57:42, 16.81s/it]
 73%|███████▎  | 546/751 [2:39:45<57:23, 16.80s/it]
 73%|███████▎  | 547/751 [2:40:01<57:04, 16.79s/it]
 73%|███████▎  | 548/751 [2:40:18<56:46, 16.78s/it]
 73%|███████▎  | 549/751 [2:40:35<56:26, 16.77s/it]
 73%|███████▎  | 550/751 [2:40:52<56:25, 16.84s/it]
                                                   

 73%|███████▎  | 550/751 [2:40:52<56:25, 16.84s/it]
 73%|███████▎  | 551/751 [2:41:10<57:41, 17.31s/it]
 74%|███████▎  | 552/751 [2:41:28<57:41, 17.39s/it]
 74%|███████▎  | 553/751 [2:41:45<57:10, 17.33s/it]
 74%|███████▍  | 554/751 [2:42:02<56:42, 17.27s/it]
 74%|███████▍  | 555/751 [2:42:19<56:15, 17.22s/it]
 74%|███████▍  | 556/751 [2:42:36<55:48, 17.17s/it]
 74%|███████▍  | 557/751 [2:42:53<55:18, 17.11s/it]
 74%|███████▍  | 558/751 [2:43:10<54:50, 17.05s/it]
 74%|███████▍  | 559/751 [2:43:27<54:22, 16.99s/it]
 75%|███████▍  | 560/751 [2:43:44<53:56, 16.94s/it]
                                                   

 75%|███████▍  | 560/751 [2:43:44<53:56, 16.94s/it]
 75%|███████▍  | 561/751 [2:44:01<53:32, 16.91s/it]
 75%|███████▍  | 562/751 [2:44:18<53:37, 17.02s/it]
 75%|███████▍  | 563/751 [2:44:35<53:08, 16.96s/it]
 75%|███████▌  | 564/751 [2:44:52<52:44, 16.92s/it]
 75%|███████▌  | 565/751 [2:45:09<52:21, 16.89s/it]
 75%|███████▌  | 566/751 [2:45:25<52:00, 16.87s/it]
 75%|███████▌  | 567/751 [2:45:42<51:40, 16.85s/it]
 76%|███████▌  | 568/751 [2:45:59<51:21, 16.84s/it]
 76%|███████▌  | 569/751 [2:46:16<51:02, 16.83s/it]
 76%|███████▌  | 570/751 [2:46:33<50:46, 16.83s/it]
                                                   

 76%|███████▌  | 570/751 [2:46:33<50:46, 16.83s/it]
 76%|███████▌  | 571/751 [2:46:50<50:40, 16.89s/it]
 76%|███████▌  | 572/751 [2:47:06<50:19, 16.87s/it]
 76%|███████▋  | 573/751 [2:47:24<50:13, 16.93s/it]
 76%|███████▋  | 574/751 [2:47:40<49:48, 16.88s/it]
 77%|███████▋  | 575/751 [2:47:57<49:27, 16.86s/it]
 77%|███████▋  | 576/751 [2:48:15<50:20, 17.26s/it]
 77%|███████▋  | 577/751 [2:48:33<50:08, 17.29s/it]
 77%|███████▋  | 578/751 [2:48:50<49:43, 17.25s/it]
 77%|███████▋  | 579/751 [2:49:07<49:21, 17.22s/it]
 77%|███████▋  | 580/751 [2:49:24<48:55, 17.16s/it]
                                                   

 77%|███████▋  | 580/751 [2:49:24<48:55, 17.16s/it]
 77%|███████▋  | 581/751 [2:49:41<48:27, 17.10s/it]
 77%|███████▋  | 582/751 [2:49:58<48:00, 17.05s/it]
 78%|███████▊  | 583/751 [2:50:15<47:47, 17.07s/it]
 78%|███████▊  | 584/751 [2:50:32<47:35, 17.10s/it]
 78%|███████▊  | 585/751 [2:50:49<47:04, 17.02s/it]
 78%|███████▊  | 586/751 [2:51:06<46:37, 16.96s/it]
 78%|███████▊  | 587/751 [2:51:23<46:14, 16.92s/it]
 78%|███████▊  | 588/751 [2:51:39<45:52, 16.88s/it]
 78%|███████▊  | 589/751 [2:51:56<45:30, 16.86s/it]
 79%|███████▊  | 590/751 [2:52:13<45:11, 16.84s/it]
                                                   

 79%|███████▊  | 590/751 [2:52:13<45:11, 16.84s/it]
 79%|███████▊  | 591/751 [2:52:30<44:52, 16.83s/it]
 79%|███████▉  | 592/751 [2:52:47<44:35, 16.83s/it]
 79%|███████▉  | 593/751 [2:53:04<44:18, 16.83s/it]
 79%|███████▉  | 594/751 [2:53:21<44:13, 16.90s/it]
 79%|███████▉  | 595/751 [2:53:37<43:52, 16.88s/it]
 79%|███████▉  | 596/751 [2:53:54<43:43, 16.92s/it]
 79%|███████▉  | 597/751 [2:54:11<43:20, 16.89s/it]
 80%|███████▉  | 598/751 [2:54:28<42:58, 16.85s/it]
 80%|███████▉  | 599/751 [2:54:45<42:39, 16.84s/it]
 80%|███████▉  | 600/751 [2:55:02<42:20, 16.82s/it]
                                                   

 80%|███████▉  | 600/751 [2:55:02<42:20, 16.82s/it]/home/e/e0389102/assignment7/finetuning_jobs/fsdp/fsdp-env/lib/python3.12/site-packages/torch/distributed/fsdp/fully_sharded_data_parallel.py:678: FutureWarning: FSDP.state_dict_type() and FSDP.set_state_dict_type() are being deprecated. Please use APIs, get_state_dict() and set_state_dict(), which can support different parallelisms, FSDP1, FSDP2, DDP. API doc: https://pytorch.org/docs/stable/distributed.checkpoint.html#torch.distributed.checkpoint.state_dict.get_state_dict .Tutorial: https://pytorch.org/tutorials/recipes/distributed_checkpoint_recipe.html .
  warnings.warn(

 80%|████████  | 601/751 [2:56:12<1:22:25, 32.97s/it]
 80%|████████  | 602/751 [2:56:30<1:10:14, 28.28s/it]
 80%|████████  | 603/751 [2:56:47<1:01:31, 24.94s/it]
 80%|████████  | 604/751 [2:57:04<55:31, 22.66s/it]  
 81%|████████  | 605/751 [2:57:21<50:59, 20.96s/it]
 81%|████████  | 606/751 [2:57:38<47:54, 19.82s/it]
 81%|████████  | 607/751 [2:57:55<45:28, 18.95s/it]
 81%|████████  | 608/751 [2:58:12<43:39, 18.32s/it]
 81%|████████  | 609/751 [2:58:29<42:17, 17.87s/it]
 81%|████████  | 610/751 [2:58:46<41:14, 17.55s/it]
                                                   

 81%|████████  | 610/751 [2:58:46<41:14, 17.55s/it]
 81%|████████▏ | 611/751 [2:59:03<40:28, 17.35s/it]
 81%|████████▏ | 612/751 [2:59:19<39:49, 17.19s/it]
 82%|████████▏ | 613/751 [2:59:36<39:18, 17.09s/it]
 82%|████████▏ | 614/751 [2:59:53<38:50, 17.01s/it]
 82%|████████▏ | 615/751 [3:00:10<38:38, 17.04s/it]
 82%|████████▏ | 616/751 [3:00:27<38:13, 16.99s/it]
 82%|████████▏ | 617/751 [3:00:44<37:49, 16.93s/it]
 82%|████████▏ | 618/751 [3:01:01<37:38, 16.98s/it]
 82%|████████▏ | 619/751 [3:01:18<37:15, 16.94s/it]
 83%|████████▎ | 620/751 [3:01:35<36:53, 16.90s/it]
                                                   

 83%|████████▎ | 620/751 [3:01:35<36:53, 16.90s/it]
 83%|████████▎ | 621/751 [3:01:51<36:33, 16.87s/it]
 83%|████████▎ | 622/751 [3:02:08<36:14, 16.86s/it]
 83%|████████▎ | 623/751 [3:02:25<35:55, 16.84s/it]
 83%|████████▎ | 624/751 [3:02:42<35:37, 16.83s/it]
 83%|████████▎ | 625/751 [3:02:59<35:19, 16.82s/it]
 83%|████████▎ | 626/751 [3:03:17<36:04, 17.32s/it]
 83%|████████▎ | 627/751 [3:03:34<35:43, 17.29s/it]
 84%|████████▎ | 628/751 [3:03:52<35:31, 17.33s/it]
 84%|████████▍ | 629/751 [3:04:09<35:06, 17.27s/it]
 84%|████████▍ | 630/751 [3:04:26<34:42, 17.21s/it]
                                                   

 84%|████████▍ | 630/751 [3:04:26<34:42, 17.21s/it]
 84%|████████▍ | 631/751 [3:04:43<34:18, 17.15s/it]
 84%|████████▍ | 632/751 [3:05:00<33:54, 17.10s/it]
 84%|████████▍ | 633/751 [3:05:17<33:29, 17.03s/it]
 84%|████████▍ | 634/751 [3:05:34<33:05, 16.97s/it]
 85%|████████▍ | 635/751 [3:05:50<32:42, 16.92s/it]
 85%|████████▍ | 636/751 [3:06:07<32:21, 16.89s/it]
 85%|████████▍ | 637/751 [3:06:24<32:11, 16.95s/it]
 85%|████████▍ | 638/751 [3:06:41<31:50, 16.91s/it]
 85%|████████▌ | 639/751 [3:06:58<31:30, 16.88s/it]
 85%|████████▌ | 640/751 [3:07:15<31:25, 16.98s/it]
                                                   

 85%|████████▌ | 640/751 [3:07:15<31:25, 16.98s/it]
 85%|████████▌ | 641/751 [3:07:32<31:01, 16.92s/it]
 85%|████████▌ | 642/751 [3:07:49<30:40, 16.88s/it]
 86%|████████▌ | 643/751 [3:08:06<30:21, 16.86s/it]
 86%|████████▌ | 644/751 [3:08:22<30:02, 16.84s/it]
 86%|████████▌ | 645/751 [3:08:39<29:42, 16.82s/it]
 86%|████████▌ | 646/751 [3:08:56<29:24, 16.81s/it]
 86%|████████▌ | 647/751 [3:09:13<29:08, 16.81s/it]
 86%|████████▋ | 648/751 [3:09:30<28:59, 16.89s/it]
 86%|████████▋ | 649/751 [3:09:46<28:38, 16.85s/it]
 87%|████████▋ | 650/751 [3:10:04<28:27, 16.91s/it]
                                                   

 87%|████████▋ | 650/751 [3:10:04<28:27, 16.91s/it]
 87%|████████▋ | 651/751 [3:10:22<28:48, 17.29s/it]
 87%|████████▋ | 652/751 [3:10:39<28:28, 17.26s/it]
 87%|████████▋ | 653/751 [3:10:56<28:08, 17.23s/it]
 87%|████████▋ | 654/751 [3:11:13<27:46, 17.18s/it]
 87%|████████▋ | 655/751 [3:11:30<27:24, 17.13s/it]
 87%|████████▋ | 656/751 [3:11:47<27:02, 17.08s/it]
 87%|████████▋ | 657/751 [3:12:04<26:39, 17.01s/it]
 88%|████████▊ | 658/751 [3:12:21<26:16, 16.96s/it]
 88%|████████▊ | 659/751 [3:12:38<26:04, 17.00s/it]
 88%|████████▊ | 660/751 [3:12:55<25:42, 16.95s/it]
                                                   

 88%|████████▊ | 660/751 [3:12:55<25:42, 16.95s/it]
 88%|████████▊ | 661/751 [3:13:12<25:29, 17.00s/it]
 88%|████████▊ | 662/751 [3:13:29<25:08, 16.94s/it]
 88%|████████▊ | 663/751 [3:13:45<24:47, 16.90s/it]
 88%|████████▊ | 664/751 [3:14:02<24:27, 16.87s/it]
 89%|████████▊ | 665/751 [3:14:19<24:08, 16.84s/it]
 89%|████████▊ | 666/751 [3:14:36<23:49, 16.82s/it]
 89%|████████▉ | 667/751 [3:14:53<23:32, 16.81s/it]
 89%|████████▉ | 668/751 [3:15:09<23:15, 16.81s/it]
 89%|████████▉ | 669/751 [3:15:26<22:59, 16.82s/it]
 89%|████████▉ | 670/751 [3:15:43<22:48, 16.90s/it]
                                                   

 89%|████████▉ | 670/751 [3:15:43<22:48, 16.90s/it]
 89%|████████▉ | 671/751 [3:16:00<22:36, 16.96s/it]
 89%|████████▉ | 672/751 [3:16:17<22:15, 16.91s/it]
 90%|████████▉ | 673/751 [3:16:34<21:55, 16.87s/it]
 90%|████████▉ | 674/751 [3:16:51<21:36, 16.83s/it]
 90%|████████▉ | 675/751 [3:17:07<21:17, 16.81s/it]
 90%|█████████ | 676/751 [3:17:26<21:28, 17.18s/it]
 90%|█████████ | 677/751 [3:17:43<21:11, 17.18s/it]
 90%|█████████ | 678/751 [3:18:00<20:52, 17.16s/it]
 90%|█████████ | 679/751 [3:18:17<20:33, 17.14s/it]
 91%|█████████ | 680/751 [3:18:34<20:19, 17.18s/it]
                                                   

 91%|█████████ | 680/751 [3:18:34<20:19, 17.18s/it]
 91%|█████████ | 681/751 [3:18:51<19:57, 17.11s/it]
 91%|█████████ | 682/751 [3:19:08<19:40, 17.11s/it]
 91%|█████████ | 683/751 [3:19:25<19:17, 17.02s/it]
 91%|█████████ | 684/751 [3:19:42<18:56, 16.96s/it]
 91%|█████████ | 685/751 [3:19:59<18:36, 16.91s/it]
 91%|█████████▏| 686/751 [3:20:15<18:16, 16.88s/it]
 91%|█████████▏| 687/751 [3:20:32<17:58, 16.86s/it]
 92%|█████████▏| 688/751 [3:20:49<17:40, 16.83s/it]
 92%|█████████▏| 689/751 [3:21:06<17:22, 16.82s/it]
 92%|█████████▏| 690/751 [3:21:23<17:05, 16.81s/it]
                                                   

 92%|█████████▏| 690/751 [3:21:23<17:05, 16.81s/it]
 92%|█████████▏| 691/751 [3:21:40<16:52, 16.88s/it]
 92%|█████████▏| 692/751 [3:21:56<16:34, 16.86s/it]
 92%|█████████▏| 693/751 [3:22:13<16:17, 16.84s/it]
 92%|█████████▏| 694/751 [3:22:30<16:04, 16.92s/it]
 93%|█████████▎| 695/751 [3:22:47<15:45, 16.89s/it]
 93%|█████████▎| 696/751 [3:23:04<15:26, 16.85s/it]
 93%|█████████▎| 697/751 [3:23:21<15:08, 16.81s/it]
 93%|█████████▎| 698/751 [3:23:37<14:49, 16.79s/it]
 93%|█████████▎| 699/751 [3:23:54<14:32, 16.78s/it]
 93%|█████████▎| 700/751 [3:24:11<14:15, 16.77s/it]
                                                   

 93%|█████████▎| 700/751 [3:24:11<14:15, 16.77s/it]/home/e/e0389102/assignment7/finetuning_jobs/fsdp/fsdp-env/lib/python3.12/site-packages/torch/distributed/fsdp/fully_sharded_data_parallel.py:678: FutureWarning: FSDP.state_dict_type() and FSDP.set_state_dict_type() are being deprecated. Please use APIs, get_state_dict() and set_state_dict(), which can support different parallelisms, FSDP1, FSDP2, DDP. API doc: https://pytorch.org/docs/stable/distributed.checkpoint.html#torch.distributed.checkpoint.state_dict.get_state_dict .Tutorial: https://pytorch.org/tutorials/recipes/distributed_checkpoint_recipe.html .
  warnings.warn(

 93%|█████████▎| 701/751 [3:25:22<27:33, 33.07s/it]
 93%|█████████▎| 702/751 [3:25:40<23:13, 28.43s/it]
 94%|█████████▎| 703/751 [3:25:57<20:07, 25.16s/it]
 94%|█████████▎| 704/751 [3:26:14<17:50, 22.77s/it]
 94%|█████████▍| 705/751 [3:26:31<16:08, 21.06s/it]
 94%|█████████▍| 706/751 [3:26:48<14:52, 19.83s/it]
 94%|█████████▍| 707/751 [3:27:05<13:53, 18.94s/it]
 94%|█████████▍| 708/751 [3:27:22<13:06, 18.30s/it]
 94%|█████████▍| 709/751 [3:27:39<12:29, 17.85s/it]
 95%|█████████▍| 710/751 [3:27:56<11:58, 17.54s/it]
                                                   

 95%|█████████▍| 710/751 [3:27:56<11:58, 17.54s/it]
 95%|█████████▍| 711/751 [3:28:12<11:32, 17.32s/it]
 95%|█████████▍| 712/751 [3:28:29<11:09, 17.17s/it]
 95%|█████████▍| 713/751 [3:28:46<10:47, 17.05s/it]
 95%|█████████▌| 714/751 [3:29:03<10:33, 17.13s/it]
 95%|█████████▌| 715/751 [3:29:20<10:13, 17.03s/it]
 95%|█████████▌| 716/751 [3:29:37<09:53, 16.96s/it]
 95%|█████████▌| 717/751 [3:29:54<09:35, 16.91s/it]
 96%|█████████▌| 718/751 [3:30:11<09:16, 16.87s/it]
 96%|█████████▌| 719/751 [3:30:27<08:59, 16.85s/it]
 96%|█████████▌| 720/751 [3:30:44<08:42, 16.84s/it]
                                                   

 96%|█████████▌| 720/751 [3:30:44<08:42, 16.84s/it]
 96%|█████████▌| 721/751 [3:31:01<08:24, 16.83s/it]
 96%|█████████▌| 722/751 [3:31:18<08:07, 16.82s/it]
 96%|█████████▋| 723/751 [3:31:35<07:50, 16.81s/it]
 96%|█████████▋| 724/751 [3:31:51<07:33, 16.80s/it]
 97%|█████████▋| 725/751 [3:32:09<07:21, 16.97s/it]
 97%|█████████▋| 726/751 [3:32:27<07:14, 17.36s/it]
 97%|█████████▋| 727/751 [3:32:44<06:56, 17.34s/it]
 97%|█████████▋| 728/751 [3:33:01<06:37, 17.30s/it]
 97%|█████████▋| 729/751 [3:33:19<06:19, 17.24s/it]
 97%|█████████▋| 730/751 [3:33:36<06:00, 17.19s/it]
                                                   

 97%|█████████▋| 730/751 [3:33:36<06:00, 17.19s/it]
 97%|█████████▋| 731/751 [3:33:53<05:42, 17.12s/it]
 97%|█████████▋| 732/751 [3:34:10<05:24, 17.05s/it]
 98%|█████████▊| 733/751 [3:34:26<05:06, 17.00s/it]
 98%|█████████▊| 734/751 [3:34:43<04:48, 16.96s/it]
 98%|█████████▊| 735/751 [3:35:00<04:30, 16.93s/it]
 98%|█████████▊| 736/751 [3:35:17<04:14, 16.99s/it]
 98%|█████████▊| 737/751 [3:35:34<03:58, 17.04s/it]
 98%|█████████▊| 738/751 [3:35:51<03:40, 16.98s/it]
 98%|█████████▊| 739/751 [3:36:08<03:23, 16.94s/it]
 99%|█████████▊| 740/751 [3:36:25<03:05, 16.91s/it]
                                                   

 99%|█████████▊| 740/751 [3:36:25<03:05, 16.91s/it]
 99%|█████████▊| 741/751 [3:36:42<02:48, 16.88s/it]
 99%|█████████▉| 742/751 [3:36:59<02:31, 16.87s/it]
 99%|█████████▉| 743/751 [3:37:15<02:14, 16.85s/it]
 99%|█████████▉| 744/751 [3:37:32<01:57, 16.84s/it]
 99%|█████████▉| 745/751 [3:37:49<01:41, 16.84s/it]
 99%|█████████▉| 746/751 [3:38:06<01:24, 16.92s/it]
 99%|█████████▉| 747/751 [3:38:23<01:07, 16.88s/it]
100%|█████████▉| 748/751 [3:38:40<00:50, 16.93s/it]
100%|█████████▉| 749/751 [3:38:57<00:33, 16.88s/it]
100%|█████████▉| 750/751 [3:39:13<00:16, 16.84s/it]
                                                   

100%|█████████▉| 750/751 [3:39:13<00:16, 16.84s/it]
100%|██████████| 751/751 [3:39:22<00:00, 14.35s/it]/home/e/e0389102/assignment7/finetuning_jobs/fsdp/fsdp-env/lib/python3.12/site-packages/torch/distributed/fsdp/fully_sharded_data_parallel.py:678: FutureWarning: FSDP.state_dict_type() and FSDP.set_state_dict_type() are being deprecated. Please use APIs, get_state_dict() and set_state_dict(), which can support different parallelisms, FSDP1, FSDP2, DDP. API doc: https://pytorch.org/docs/stable/distributed.checkpoint.html#torch.distributed.checkpoint.state_dict.get_state_dict .Tutorial: https://pytorch.org/tutorials/recipes/distributed_checkpoint_recipe.html .
  warnings.warn(

                                                   

100%|██████████| 751/751 [3:40:14<00:00, 14.35s/it]
100%|██████████| 751/751 [3:40:14<00:00, 17.60s/it]