[W1023 19:49:58.069822773 Utils.hpp:166] Warning: Environment variable NCCL_BLOCKING_WAIT is deprecated; use TORCH_NCCL_BLOCKING_WAIT instead (function operator())
[W1023 19:49:58.069872507 Utils.hpp:137] Warning: Environment variable NCCL_ASYNC_ERROR_HANDLING is deprecated; use TORCH_NCCL_ASYNC_ERROR_HANDLING instead (function operator())
[W1023 19:49:58.079345889 Utils.hpp:166] Warning: Environment variable NCCL_BLOCKING_WAIT is deprecated; use TORCH_NCCL_BLOCKING_WAIT instead (function operator())
[W1023 19:49:58.079393069 Utils.hpp:137] Warning: Environment variable NCCL_ASYNC_ERROR_HANDLING is deprecated; use TORCH_NCCL_ASYNC_ERROR_HANDLING instead (function operator())
Note: Environment variable`HF_TOKEN` is set and is the current active token independently from the token you've just configured.
Note: Environment variable`HF_TOKEN` is set and is the current active token independently from the token you've just configured.

Loading checkpoint shards:   0%|          | 0/2 [00:00<?, ?it/s]
Loading checkpoint shards:  50%|█████     | 1/2 [00:15<00:15, 15.71s/it]
Loading checkpoint shards: 100%|██████████| 2/2 [00:21<00:00,  9.97s/it]
Loading checkpoint shards: 100%|██████████| 2/2 [00:21<00:00, 10.83s/it]

Loading checkpoint shards:   0%|          | 0/2 [00:00<?, ?it/s]
Loading checkpoint shards:  50%|█████     | 1/2 [00:15<00:15, 15.39s/it]
Loading checkpoint shards: 100%|██████████| 2/2 [00:21<00:00,  9.93s/it]
Loading checkpoint shards: 100%|██████████| 2/2 [00:21<00:00, 10.75s/it]
[rank0]:[W1023 19:51:05.513771838 ProcessGroupNCCL.cpp:5023] [PG ID 0 PG GUID 0 Rank 0]  using GPU 0 as device used by this process is currently unknown. This can potentially cause a hang if this rank to GPU mapping is incorrect. You can specify device_id in init_process_group() to force use of a particular device.
The tokenizer has new PAD/BOS/EOS tokens that differ from the model config and generation config. The model config and generation config were aligned accordingly, being updated with the tokenizer's values. Updated tokens: {'pad_token_id': 2}.
The tokenizer has new PAD/BOS/EOS tokens that differ from the model config and generation config. The model config and generation config were aligned accordingly, being updated with the tokenizer's values. Updated tokens: {'pad_token_id': 2}.
[rank1]:[W1023 19:51:07.845460346 Utils.hpp:112] Warning: Environment variable NCCL_BLOCKING_WAIT is deprecated; use TORCH_NCCL_BLOCKING_WAIT instead (function operator())
[rank0]:[W1023 19:51:07.860042204 Utils.hpp:112] Warning: Environment variable NCCL_BLOCKING_WAIT is deprecated; use TORCH_NCCL_BLOCKING_WAIT instead (function operator())
/home/e/e0389102/assignment7/finetuning_jobs/ddp/ddp-env/lib/python3.12/site-packages/torch/_dynamo/eval_frame.py:929: UserWarning: torch.utils.checkpoint: the use_reentrant parameter should be passed explicitly. In version 2.5 we will raise an exception if use_reentrant is not passed. use_reentrant=False is recommended, but if you need to preserve the current default behavior, you can pass use_reentrant=True. Refer to docs for more details on the differences between the two variants.
  return fn(*args, **kwargs)

  0%|          | 0/751 [00:00<?, ?it/s]/home/e/e0389102/assignment7/finetuning_jobs/ddp/ddp-env/lib/python3.12/site-packages/torch/_dynamo/eval_frame.py:929: UserWarning: torch.utils.checkpoint: the use_reentrant parameter should be passed explicitly. In version 2.5 we will raise an exception if use_reentrant is not passed. use_reentrant=False is recommended, but if you need to preserve the current default behavior, you can pass use_reentrant=True. Refer to docs for more details on the differences between the two variants.
  return fn(*args, **kwargs)

  0%|          | 1/751 [00:08<1:47:56,  8.64s/it]
  0%|          | 2/751 [00:13<1:19:50,  6.40s/it]
  0%|          | 3/751 [00:18<1:09:10,  5.55s/it]
  1%|          | 4/751 [00:22<1:03:31,  5.10s/it]
  1%|          | 5/751 [00:26<58:40,  4.72s/it]  
  1%|          | 6/751 [00:30<55:13,  4.45s/it]
  1%|          | 7/751 [00:34<52:33,  4.24s/it]
  1%|          | 8/751 [00:37<50:24,  4.07s/it]
  1%|          | 9/751 [00:41<48:25,  3.92s/it]
  1%|▏         | 10/751 [00:44<46:47,  3.79s/it]
                                                

  1%|▏         | 10/751 [00:44<46:47,  3.79s/it]
  1%|▏         | 11/751 [00:48<45:27,  3.69s/it]
  2%|▏         | 12/751 [00:51<44:22,  3.60s/it]
  2%|▏         | 13/751 [00:55<43:30,  3.54s/it]
  2%|▏         | 14/751 [00:58<42:40,  3.47s/it]
  2%|▏         | 15/751 [01:01<41:47,  3.41s/it]
  2%|▏         | 16/751 [01:05<41:06,  3.36s/it]
  2%|▏         | 17/751 [01:08<40:27,  3.31s/it]
  2%|▏         | 18/751 [01:11<39:44,  3.25s/it]
  3%|▎         | 19/751 [01:14<39:17,  3.22s/it]
  3%|▎         | 20/751 [01:17<38:48,  3.19s/it]
                                                

  3%|▎         | 20/751 [01:17<38:48,  3.19s/it]
  3%|▎         | 21/751 [01:20<38:24,  3.16s/it]
  3%|▎         | 22/751 [01:23<38:03,  3.13s/it]
  3%|▎         | 23/751 [01:26<37:44,  3.11s/it]
  3%|▎         | 24/751 [01:29<37:16,  3.08s/it]
  3%|▎         | 25/751 [01:32<36:53,  3.05s/it]
  3%|▎         | 26/751 [01:41<56:00,  4.64s/it]
  4%|▎         | 27/751 [01:46<58:35,  4.86s/it]
  4%|▎         | 28/751 [01:51<57:14,  4.75s/it]
  4%|▍         | 29/751 [01:55<54:53,  4.56s/it]
  4%|▍         | 30/751 [01:59<52:34,  4.38s/it]
                                                

  4%|▍         | 30/751 [01:59<52:34,  4.38s/it]
  4%|▍         | 31/751 [02:02<50:28,  4.21s/it]
  4%|▍         | 32/751 [02:06<48:19,  4.03s/it]
  4%|▍         | 33/751 [02:10<46:35,  3.89s/it]
  5%|▍         | 34/751 [02:13<45:07,  3.78s/it]
  5%|▍         | 35/751 [02:17<44:02,  3.69s/it]
  5%|▍         | 36/751 [02:20<43:07,  3.62s/it]
  5%|▍         | 37/751 [02:23<42:18,  3.55s/it]
  5%|▌         | 38/751 [02:27<41:36,  3.50s/it]
  5%|▌         | 39/751 [02:30<40:50,  3.44s/it]
  5%|▌         | 40/751 [02:33<40:06,  3.38s/it]
                                                

  5%|▌         | 40/751 [02:33<40:06,  3.38s/it]
  5%|▌         | 41/751 [02:37<39:31,  3.34s/it]
  6%|▌         | 42/751 [02:40<38:50,  3.29s/it]
  6%|▌         | 43/751 [02:43<38:08,  3.23s/it]
  6%|▌         | 44/751 [02:46<37:37,  3.19s/it]
  6%|▌         | 45/751 [02:49<37:13,  3.16s/it]
  6%|▌         | 46/751 [02:52<36:54,  3.14s/it]
  6%|▋         | 47/751 [02:55<36:35,  3.12s/it]
  6%|▋         | 48/751 [02:58<36:23,  3.11s/it]
  7%|▋         | 49/751 [03:01<36:05,  3.08s/it]
  7%|▋         | 50/751 [03:04<35:40,  3.05s/it]
                                                

  7%|▋         | 50/751 [03:04<35:40,  3.05s/it]
  7%|▋         | 51/751 [03:12<51:54,  4.45s/it]
  7%|▋         | 52/751 [03:17<53:25,  4.59s/it]
  7%|▋         | 53/751 [03:21<52:48,  4.54s/it]
  7%|▋         | 54/751 [03:25<50:53,  4.38s/it]
  7%|▋         | 55/751 [03:29<49:11,  4.24s/it]
  7%|▋         | 56/751 [03:33<47:35,  4.11s/it]
  8%|▊         | 57/751 [03:37<46:04,  3.98s/it]
  8%|▊         | 58/751 [03:40<44:32,  3.86s/it]
  8%|▊         | 59/751 [03:44<43:19,  3.76s/it]
  8%|▊         | 60/751 [03:47<42:23,  3.68s/it]
                                                

  8%|▊         | 60/751 [03:47<42:23,  3.68s/it]
  8%|▊         | 61/751 [03:51<41:35,  3.62s/it]
  8%|▊         | 62/751 [03:54<40:50,  3.56s/it]
  8%|▊         | 63/751 [03:58<40:08,  3.50s/it]
  9%|▊         | 64/751 [04:01<39:27,  3.45s/it]
  9%|▊         | 65/751 [04:04<38:46,  3.39s/it]
  9%|▉         | 66/751 [04:07<38:10,  3.34s/it]
  9%|▉         | 67/751 [04:11<37:30,  3.29s/it]
  9%|▉         | 68/751 [04:14<36:50,  3.24s/it]
  9%|▉         | 69/751 [04:17<36:17,  3.19s/it]
  9%|▉         | 70/751 [04:20<35:50,  3.16s/it]
                                                

  9%|▉         | 70/751 [04:20<35:50,  3.16s/it]
  9%|▉         | 71/751 [04:23<35:34,  3.14s/it]
 10%|▉         | 72/751 [04:26<35:17,  3.12s/it]
 10%|▉         | 73/751 [04:29<35:05,  3.11s/it]
 10%|▉         | 74/751 [04:32<34:51,  3.09s/it]
 10%|▉         | 75/751 [04:35<34:27,  3.06s/it]
 10%|█         | 76/751 [04:44<53:33,  4.76s/it]
 10%|█         | 77/751 [04:50<57:18,  5.10s/it]
 10%|█         | 78/751 [04:55<56:48,  5.06s/it]
 11%|█         | 79/751 [04:59<54:56,  4.91s/it]
 11%|█         | 80/751 [05:04<52:33,  4.70s/it]
                                                

 11%|█         | 80/751 [05:04<52:33,  4.70s/it]
 11%|█         | 81/751 [05:07<50:00,  4.48s/it]
 11%|█         | 82/751 [05:11<47:48,  4.29s/it]
 11%|█         | 83/751 [05:15<46:00,  4.13s/it]
 11%|█         | 84/751 [05:19<44:12,  3.98s/it]
 11%|█▏        | 85/751 [05:22<42:41,  3.85s/it]
 11%|█▏        | 86/751 [05:26<41:26,  3.74s/it]
 12%|█▏        | 87/751 [05:29<40:22,  3.65s/it]
 12%|█▏        | 88/751 [05:33<39:26,  3.57s/it]
 12%|█▏        | 89/751 [05:36<38:33,  3.49s/it]
 12%|█▏        | 90/751 [05:39<37:41,  3.42s/it]
                                                

 12%|█▏        | 90/751 [05:39<37:41,  3.42s/it]
 12%|█▏        | 91/751 [05:42<36:59,  3.36s/it]
 12%|█▏        | 92/751 [05:46<36:20,  3.31s/it]
 12%|█▏        | 93/751 [05:49<35:41,  3.25s/it]
 13%|█▎        | 94/751 [05:52<35:07,  3.21s/it]
 13%|█▎        | 95/751 [05:55<34:37,  3.17s/it]
 13%|█▎        | 96/751 [05:58<34:17,  3.14s/it]
 13%|█▎        | 97/751 [06:01<33:59,  3.12s/it]
 13%|█▎        | 98/751 [06:04<33:44,  3.10s/it]
 13%|█▎        | 99/751 [06:07<33:30,  3.08s/it]
 13%|█▎        | 100/751 [06:10<33:07,  3.05s/it]
                                                 

 13%|█▎        | 100/751 [06:10<33:07,  3.05s/it]/home/e/e0389102/assignment7/finetuning_jobs/ddp/ddp-env/lib/python3.12/site-packages/torch/_dynamo/eval_frame.py:929: UserWarning: torch.utils.checkpoint: the use_reentrant parameter should be passed explicitly. In version 2.5 we will raise an exception if use_reentrant is not passed. use_reentrant=False is recommended, but if you need to preserve the current default behavior, you can pass use_reentrant=True. Refer to docs for more details on the differences between the two variants.
  return fn(*args, **kwargs)

 13%|█▎        | 101/751 [06:19<53:27,  4.93s/it]
 14%|█▎        | 102/751 [06:24<53:29,  4.95s/it]
 14%|█▎        | 103/751 [06:29<51:46,  4.79s/it]
 14%|█▍        | 104/751 [06:33<49:28,  4.59s/it]
 14%|█▍        | 105/751 [06:37<47:09,  4.38s/it]
 14%|█▍        | 106/751 [06:41<45:14,  4.21s/it]
 14%|█▍        | 107/751 [06:44<43:22,  4.04s/it]
 14%|█▍        | 108/751 [06:48<41:36,  3.88s/it]
 15%|█▍        | 109/751 [06:51<40:17,  3.77s/it]
 15%|█▍        | 110/751 [06:55<39:16,  3.68s/it]
                                                 

 15%|█▍        | 110/751 [06:55<39:16,  3.68s/it]
 15%|█▍        | 111/751 [06:58<38:27,  3.61s/it]
 15%|█▍        | 112/751 [07:02<37:42,  3.54s/it]
 15%|█▌        | 113/751 [07:05<36:53,  3.47s/it]
 15%|█▌        | 114/751 [07:08<36:09,  3.41s/it]
 15%|█▌        | 115/751 [07:11<35:31,  3.35s/it]
 15%|█▌        | 116/751 [07:15<34:58,  3.30s/it]
 16%|█▌        | 117/751 [07:18<34:16,  3.24s/it]
 16%|█▌        | 118/751 [07:21<33:41,  3.19s/it]
 16%|█▌        | 119/751 [07:24<33:11,  3.15s/it]
 16%|█▌        | 120/751 [07:27<32:51,  3.12s/it]
                                                 

 16%|█▌        | 120/751 [07:27<32:51,  3.12s/it]
 16%|█▌        | 121/751 [07:30<32:33,  3.10s/it]
 16%|█▌        | 122/751 [07:33<32:16,  3.08s/it]
 16%|█▋        | 123/751 [07:36<32:04,  3.06s/it]
 17%|█▋        | 124/751 [07:39<31:49,  3.05s/it]
 17%|█▋        | 125/751 [07:42<31:07,  2.98s/it]
 17%|█▋        | 126/751 [07:51<51:50,  4.98s/it]
 17%|█▋        | 127/751 [07:57<54:29,  5.24s/it]
 17%|█▋        | 128/751 [08:02<52:34,  5.06s/it]
 17%|█▋        | 129/751 [08:06<50:34,  4.88s/it]
 17%|█▋        | 130/751 [08:10<48:04,  4.65s/it]
                                                 

 17%|█▋        | 130/751 [08:10<48:04,  4.65s/it]
 17%|█▋        | 131/751 [08:14<45:54,  4.44s/it]
 18%|█▊        | 132/751 [08:18<43:58,  4.26s/it]
 18%|█▊        | 133/751 [08:22<42:21,  4.11s/it]
 18%|█▊        | 134/751 [08:26<40:34,  3.95s/it]
 18%|█▊        | 135/751 [08:29<39:10,  3.82s/it]
 18%|█▊        | 136/751 [08:33<38:04,  3.72s/it]
 18%|█▊        | 137/751 [08:36<37:10,  3.63s/it]
 18%|█▊        | 138/751 [08:39<36:25,  3.56s/it]
 19%|█▊        | 139/751 [08:43<35:43,  3.50s/it]
 19%|█▊        | 140/751 [08:46<35:03,  3.44s/it]
                                                 

 19%|█▊        | 140/751 [08:46<35:03,  3.44s/it]
 19%|█▉        | 141/751 [08:49<34:27,  3.39s/it]
 19%|█▉        | 142/751 [08:53<33:42,  3.32s/it]
 19%|█▉        | 143/751 [08:56<32:58,  3.25s/it]
 19%|█▉        | 144/751 [08:59<32:21,  3.20s/it]
 19%|█▉        | 145/751 [09:02<31:52,  3.16s/it]
 19%|█▉        | 146/751 [09:05<31:32,  3.13s/it]
 20%|█▉        | 147/751 [09:08<31:16,  3.11s/it]
 20%|█▉        | 148/751 [09:11<31:00,  3.09s/it]
 20%|█▉        | 149/751 [09:14<30:44,  3.06s/it]
 20%|█▉        | 150/751 [09:17<30:01,  3.00s/it]
                                                 

 20%|█▉        | 150/751 [09:17<30:01,  3.00s/it]
 20%|██        | 151/751 [09:25<44:44,  4.47s/it]
 20%|██        | 152/751 [09:30<47:17,  4.74s/it]
 20%|██        | 153/751 [09:35<46:45,  4.69s/it]
 21%|██        | 154/751 [09:39<45:35,  4.58s/it]
 21%|██        | 155/751 [09:43<43:45,  4.41s/it]
 21%|██        | 156/751 [09:47<41:50,  4.22s/it]
 21%|██        | 157/751 [09:50<40:16,  4.07s/it]
 21%|██        | 158/751 [09:54<38:36,  3.91s/it]
 21%|██        | 159/751 [09:57<37:17,  3.78s/it]
 21%|██▏       | 160/751 [10:01<36:21,  3.69s/it]
                                                 

 21%|██▏       | 160/751 [10:01<36:21,  3.69s/it]
 21%|██▏       | 161/751 [10:04<35:35,  3.62s/it]
 22%|██▏       | 162/751 [10:08<34:52,  3.55s/it]
 22%|██▏       | 163/751 [10:11<34:15,  3.50s/it]
 22%|██▏       | 164/751 [10:14<33:33,  3.43s/it]
 22%|██▏       | 165/751 [10:18<32:57,  3.37s/it]
 22%|██▏       | 166/751 [10:21<32:26,  3.33s/it]
 22%|██▏       | 167/751 [10:24<31:43,  3.26s/it]
 22%|██▏       | 168/751 [10:27<31:10,  3.21s/it]
 23%|██▎       | 169/751 [10:30<30:43,  3.17s/it]
 23%|██▎       | 170/751 [10:33<30:19,  3.13s/it]
                                                 

 23%|██▎       | 170/751 [10:33<30:19,  3.13s/it]
 23%|██▎       | 171/751 [10:36<30:02,  3.11s/it]
 23%|██▎       | 172/751 [10:39<29:47,  3.09s/it]
 23%|██▎       | 173/751 [10:42<29:30,  3.06s/it]
 23%|██▎       | 174/751 [10:45<29:16,  3.04s/it]
 23%|██▎       | 175/751 [10:48<28:44,  2.99s/it]
 23%|██▎       | 176/751 [10:57<45:48,  4.78s/it]
 24%|██▎       | 177/751 [11:02<46:58,  4.91s/it]
 24%|██▎       | 178/751 [11:07<45:57,  4.81s/it]
 24%|██▍       | 179/751 [11:11<44:15,  4.64s/it]
 24%|██▍       | 180/751 [11:15<42:18,  4.45s/it]
                                                 

 24%|██▍       | 180/751 [11:15<42:18,  4.45s/it]
 24%|██▍       | 181/751 [11:19<40:41,  4.28s/it]
 24%|██▍       | 182/751 [11:23<39:15,  4.14s/it]
 24%|██▍       | 183/751 [11:27<37:49,  4.00s/it]
 25%|██▍       | 184/751 [11:30<36:25,  3.86s/it]
 25%|██▍       | 185/751 [11:34<35:21,  3.75s/it]
 25%|██▍       | 186/751 [11:37<34:31,  3.67s/it]
 25%|██▍       | 187/751 [11:40<33:44,  3.59s/it]
 25%|██▌       | 188/751 [11:44<33:03,  3.52s/it]
 25%|██▌       | 189/751 [11:47<32:20,  3.45s/it]
 25%|██▌       | 190/751 [11:50<31:42,  3.39s/it]
                                                 

 25%|██▌       | 190/751 [11:50<31:42,  3.39s/it]
 25%|██▌       | 191/751 [11:54<31:08,  3.34s/it]
 26%|██▌       | 192/751 [11:57<30:30,  3.27s/it]
 26%|██▌       | 193/751 [12:00<29:52,  3.21s/it]
 26%|██▌       | 194/751 [12:03<29:24,  3.17s/it]
 26%|██▌       | 195/751 [12:06<29:00,  3.13s/it]
 26%|██▌       | 196/751 [12:09<28:45,  3.11s/it]
 26%|██▌       | 197/751 [12:12<28:31,  3.09s/it]
 26%|██▋       | 198/751 [12:15<28:17,  3.07s/it]
 26%|██▋       | 199/751 [12:18<27:57,  3.04s/it]
 27%|██▋       | 200/751 [12:21<27:23,  2.98s/it]
                                                 

 27%|██▋       | 200/751 [12:21<27:23,  2.98s/it]/home/e/e0389102/assignment7/finetuning_jobs/ddp/ddp-env/lib/python3.12/site-packages/torch/_dynamo/eval_frame.py:929: UserWarning: torch.utils.checkpoint: the use_reentrant parameter should be passed explicitly. In version 2.5 we will raise an exception if use_reentrant is not passed. use_reentrant=False is recommended, but if you need to preserve the current default behavior, you can pass use_reentrant=True. Refer to docs for more details on the differences between the two variants.
  return fn(*args, **kwargs)

 27%|██▋       | 201/751 [12:31<47:17,  5.16s/it]
 27%|██▋       | 202/751 [12:36<47:43,  5.22s/it]
 27%|██▋       | 203/751 [12:41<45:56,  5.03s/it]
 27%|██▋       | 204/751 [12:45<43:41,  4.79s/it]
 27%|██▋       | 205/751 [12:49<41:23,  4.55s/it]
 27%|██▋       | 206/751 [12:53<39:22,  4.34s/it]
 28%|██▊       | 207/751 [12:57<37:46,  4.17s/it]
 28%|██▊       | 208/751 [13:01<36:26,  4.03s/it]
 28%|██▊       | 209/751 [13:04<35:03,  3.88s/it]
 28%|██▊       | 210/751 [13:08<33:56,  3.77s/it]
                                                 

 28%|██▊       | 210/751 [13:08<33:56,  3.77s/it]
 28%|██▊       | 211/751 [13:11<33:01,  3.67s/it]
 28%|██▊       | 212/751 [13:14<32:14,  3.59s/it]
 28%|██▊       | 213/751 [13:18<31:31,  3.52s/it]
 28%|██▊       | 214/751 [13:21<30:48,  3.44s/it]
 29%|██▊       | 215/751 [13:24<30:15,  3.39s/it]
 29%|██▉       | 216/751 [13:27<29:42,  3.33s/it]
 29%|██▉       | 217/751 [13:31<29:03,  3.27s/it]
 29%|██▉       | 218/751 [13:34<28:31,  3.21s/it]
 29%|██▉       | 219/751 [13:37<28:02,  3.16s/it]
 29%|██▉       | 220/751 [13:40<27:42,  3.13s/it]
                                                 

 29%|██▉       | 220/751 [13:40<27:42,  3.13s/it]
 29%|██▉       | 221/751 [13:43<27:27,  3.11s/it]
 30%|██▉       | 222/751 [13:46<27:11,  3.08s/it]
 30%|██▉       | 223/751 [13:49<26:56,  3.06s/it]
 30%|██▉       | 224/751 [13:52<26:36,  3.03s/it]
 30%|██▉       | 225/751 [13:55<26:02,  2.97s/it]
 30%|███       | 226/751 [14:03<40:09,  4.59s/it]
 30%|███       | 227/751 [14:09<42:44,  4.89s/it]
 30%|███       | 228/751 [14:13<41:40,  4.78s/it]
 30%|███       | 229/751 [14:17<39:46,  4.57s/it]
 31%|███       | 230/751 [14:21<38:01,  4.38s/it]
                                                 

 31%|███       | 230/751 [14:21<38:01,  4.38s/it]
 31%|███       | 231/751 [14:25<36:34,  4.22s/it]
 31%|███       | 232/751 [14:29<35:20,  4.09s/it]
 31%|███       | 233/751 [14:33<34:24,  3.99s/it]
 31%|███       | 234/751 [14:36<33:15,  3.86s/it]
 31%|███▏      | 235/751 [14:40<32:17,  3.75s/it]
 31%|███▏      | 236/751 [14:43<31:28,  3.67s/it]
 32%|███▏      | 237/751 [14:46<30:46,  3.59s/it]
 32%|███▏      | 238/751 [14:50<30:06,  3.52s/it]
 32%|███▏      | 239/751 [14:53<29:25,  3.45s/it]
 32%|███▏      | 240/751 [14:56<28:50,  3.39s/it]
                                                 

 32%|███▏      | 240/751 [14:56<28:50,  3.39s/it]
 32%|███▏      | 241/751 [15:00<28:26,  3.35s/it]
 32%|███▏      | 242/751 [15:03<27:50,  3.28s/it]
 32%|███▏      | 243/751 [15:06<27:17,  3.22s/it]
 32%|███▏      | 244/751 [15:09<26:50,  3.18s/it]
 33%|███▎      | 245/751 [15:12<26:27,  3.14s/it]
 33%|███▎      | 246/751 [15:15<26:13,  3.12s/it]
 33%|███▎      | 247/751 [15:18<26:00,  3.10s/it]
 33%|███▎      | 248/751 [15:21<25:45,  3.07s/it]
 33%|███▎      | 249/751 [15:24<25:30,  3.05s/it]
 33%|███▎      | 250/751 [15:27<24:59,  2.99s/it]
                                                 

 33%|███▎      | 250/751 [15:27<24:59,  2.99s/it]
 33%|███▎      | 251/751 [15:34<34:06,  4.09s/it]
 34%|███▎      | 252/751 [15:38<35:36,  4.28s/it]
 34%|███▎      | 253/751 [15:43<35:36,  4.29s/it]
 34%|███▍      | 254/751 [15:47<34:50,  4.21s/it]
 34%|███▍      | 255/751 [15:50<33:55,  4.10s/it]
 34%|███▍      | 256/751 [15:54<33:04,  4.01s/it]
 34%|███▍      | 257/751 [15:58<32:14,  3.92s/it]
 34%|███▍      | 258/751 [16:02<31:17,  3.81s/it]
 34%|███▍      | 259/751 [16:05<30:32,  3.72s/it]
 35%|███▍      | 260/751 [16:09<29:53,  3.65s/it]
                                                 

 35%|███▍      | 260/751 [16:09<29:53,  3.65s/it]
 35%|███▍      | 261/751 [16:12<29:22,  3.60s/it]
 35%|███▍      | 262/751 [16:15<28:46,  3.53s/it]
 35%|███▌      | 263/751 [16:19<28:16,  3.48s/it]
 35%|███▌      | 264/751 [16:22<27:46,  3.42s/it]
 35%|███▌      | 265/751 [16:25<27:18,  3.37s/it]
 35%|███▌      | 266/751 [16:29<26:52,  3.33s/it]
 36%|███▌      | 267/751 [16:32<26:22,  3.27s/it]
 36%|███▌      | 268/751 [16:35<25:52,  3.21s/it]
 36%|███▌      | 269/751 [16:38<25:26,  3.17s/it]
 36%|███▌      | 270/751 [16:41<25:07,  3.13s/it]
                                                 

 36%|███▌      | 270/751 [16:41<25:07,  3.13s/it]
 36%|███▌      | 271/751 [16:44<24:54,  3.11s/it]
 36%|███▌      | 272/751 [16:47<24:38,  3.09s/it]
 36%|███▋      | 273/751 [16:50<24:25,  3.07s/it]
 36%|███▋      | 274/751 [16:53<24:06,  3.03s/it]
 37%|███▋      | 275/751 [16:56<23:34,  2.97s/it]
 37%|███▋      | 276/751 [17:04<36:28,  4.61s/it]
 37%|███▋      | 277/751 [17:09<37:59,  4.81s/it]
 37%|███▋      | 278/751 [17:14<37:31,  4.76s/it]
 37%|███▋      | 279/751 [17:18<36:14,  4.61s/it]
 37%|███▋      | 280/751 [17:22<34:37,  4.41s/it]
                                                 

 37%|███▋      | 280/751 [17:22<34:37,  4.41s/it]
 37%|███▋      | 281/751 [17:26<33:11,  4.24s/it]
 38%|███▊      | 282/751 [17:30<32:00,  4.10s/it]
 38%|███▊      | 283/751 [17:34<30:54,  3.96s/it]
 38%|███▊      | 284/751 [17:37<29:53,  3.84s/it]
 38%|███▊      | 285/751 [17:41<29:04,  3.74s/it]
 38%|███▊      | 286/751 [17:44<28:23,  3.66s/it]
 38%|███▊      | 287/751 [17:48<27:43,  3.59s/it]
 38%|███▊      | 288/751 [17:51<27:11,  3.52s/it]
 38%|███▊      | 289/751 [17:54<26:45,  3.48s/it]
 39%|███▊      | 290/751 [17:57<26:11,  3.41s/it]
                                                 

 39%|███▊      | 290/751 [17:58<26:11,  3.41s/it]
 39%|███▊      | 291/751 [18:01<25:43,  3.36s/it]
 39%|███▉      | 292/751 [18:04<25:13,  3.30s/it]
 39%|███▉      | 293/751 [18:07<24:44,  3.24s/it]
 39%|███▉      | 294/751 [18:10<24:17,  3.19s/it]
 39%|███▉      | 295/751 [18:13<23:55,  3.15s/it]
 39%|███▉      | 296/751 [18:16<23:40,  3.12s/it]
 40%|███▉      | 297/751 [18:19<23:26,  3.10s/it]
 40%|███▉      | 298/751 [18:22<23:12,  3.07s/it]
 40%|███▉      | 299/751 [18:25<22:48,  3.03s/it]
 40%|███▉      | 300/751 [18:28<22:19,  2.97s/it]
                                                 

 40%|███▉      | 300/751 [18:28<22:19,  2.97s/it]/home/e/e0389102/assignment7/finetuning_jobs/ddp/ddp-env/lib/python3.12/site-packages/torch/_dynamo/eval_frame.py:929: UserWarning: torch.utils.checkpoint: the use_reentrant parameter should be passed explicitly. In version 2.5 we will raise an exception if use_reentrant is not passed. use_reentrant=False is recommended, but if you need to preserve the current default behavior, you can pass use_reentrant=True. Refer to docs for more details on the differences between the two variants.
  return fn(*args, **kwargs)

 40%|████      | 301/751 [18:39<40:44,  5.43s/it]
 40%|████      | 302/751 [18:45<40:26,  5.41s/it]
 40%|████      | 303/751 [18:49<38:33,  5.16s/it]
 40%|████      | 304/751 [18:53<36:08,  4.85s/it]
 41%|████      | 305/751 [18:57<34:03,  4.58s/it]
 41%|████      | 306/751 [19:01<32:19,  4.36s/it]
 41%|████      | 307/751 [19:05<30:48,  4.16s/it]
 41%|████      | 308/751 [19:08<29:24,  3.98s/it]
 41%|████      | 309/751 [19:12<28:17,  3.84s/it]
 41%|████▏     | 310/751 [19:15<27:26,  3.73s/it]
                                                 

 41%|████▏     | 310/751 [19:15<27:26,  3.73s/it]
 41%|████▏     | 311/751 [19:19<26:46,  3.65s/it]
 42%|████▏     | 312/751 [19:22<26:10,  3.58s/it]
 42%|████▏     | 313/751 [19:26<25:38,  3.51s/it]
 42%|████▏     | 314/751 [19:29<25:07,  3.45s/it]
 42%|████▏     | 315/751 [19:32<24:38,  3.39s/it]
 42%|████▏     | 316/751 [19:35<24:13,  3.34s/it]
 42%|████▏     | 317/751 [19:38<23:46,  3.29s/it]
 42%|████▏     | 318/751 [19:42<23:17,  3.23s/it]
 42%|████▏     | 319/751 [19:45<22:53,  3.18s/it]
 43%|████▎     | 320/751 [19:48<22:34,  3.14s/it]
                                                 

 43%|████▎     | 320/751 [19:48<22:34,  3.14s/it]
 43%|████▎     | 321/751 [19:51<22:21,  3.12s/it]
 43%|████▎     | 322/751 [19:54<22:09,  3.10s/it]
 43%|████▎     | 323/751 [19:57<21:57,  3.08s/it]
 43%|████▎     | 324/751 [20:00<21:46,  3.06s/it]
 43%|████▎     | 325/751 [20:03<21:14,  2.99s/it]
 43%|████▎     | 326/751 [20:10<31:27,  4.44s/it]
 44%|████▎     | 327/751 [20:15<32:08,  4.55s/it]
 44%|████▎     | 328/751 [20:20<31:55,  4.53s/it]
 44%|████▍     | 329/751 [20:24<31:02,  4.41s/it]
 44%|████▍     | 330/751 [20:28<29:55,  4.27s/it]
                                                 

 44%|████▍     | 330/751 [20:28<29:55,  4.27s/it]
 44%|████▍     | 331/751 [20:32<28:52,  4.12s/it]
 44%|████▍     | 332/751 [20:35<27:49,  3.99s/it]
 44%|████▍     | 333/751 [20:39<26:49,  3.85s/it]
 44%|████▍     | 334/751 [20:42<26:00,  3.74s/it]
 45%|████▍     | 335/751 [20:46<25:23,  3.66s/it]
 45%|████▍     | 336/751 [20:49<24:47,  3.59s/it]
 45%|████▍     | 337/751 [20:53<24:17,  3.52s/it]
 45%|████▌     | 338/751 [20:56<23:48,  3.46s/it]
 45%|████▌     | 339/751 [20:59<23:20,  3.40s/it]
 45%|████▌     | 340/751 [21:02<22:55,  3.35s/it]
                                                 

 45%|████▌     | 340/751 [21:02<22:55,  3.35s/it]
 45%|████▌     | 341/751 [21:06<22:31,  3.30s/it]
 46%|████▌     | 342/751 [21:09<22:03,  3.23s/it]
 46%|████▌     | 343/751 [21:12<21:40,  3.19s/it]
 46%|████▌     | 344/751 [21:15<21:21,  3.15s/it]
 46%|████▌     | 345/751 [21:18<21:05,  3.12s/it]
 46%|████▌     | 346/751 [21:21<20:56,  3.10s/it]
 46%|████▌     | 347/751 [21:24<20:43,  3.08s/it]
 46%|████▋     | 348/751 [21:27<20:31,  3.06s/it]
 46%|████▋     | 349/751 [21:30<20:16,  3.03s/it]
 47%|████▋     | 350/751 [21:33<19:47,  2.96s/it]
                                                 

 47%|████▋     | 350/751 [21:33<19:47,  2.96s/it]
 47%|████▋     | 351/751 [21:41<31:24,  4.71s/it]
 47%|████▋     | 352/751 [21:46<31:56,  4.80s/it]
 47%|████▋     | 353/751 [21:51<31:17,  4.72s/it]
 47%|████▋     | 354/751 [21:55<30:33,  4.62s/it]
 47%|████▋     | 355/751 [21:59<29:15,  4.43s/it]
 47%|████▋     | 356/751 [22:03<28:03,  4.26s/it]
 48%|████▊     | 357/751 [22:07<27:01,  4.11s/it]
 48%|████▊     | 358/751 [22:11<26:02,  3.98s/it]
 48%|████▊     | 359/751 [22:14<25:07,  3.85s/it]
 48%|████▊     | 360/751 [22:18<24:21,  3.74s/it]
                                                 

 48%|████▊     | 360/751 [22:18<24:21,  3.74s/it]
 48%|████▊     | 361/751 [22:21<23:45,  3.66s/it]
 48%|████▊     | 362/751 [22:25<23:13,  3.58s/it]
 48%|████▊     | 363/751 [22:28<22:43,  3.51s/it]
 48%|████▊     | 364/751 [22:31<22:13,  3.45s/it]
 49%|████▊     | 365/751 [22:34<21:45,  3.38s/it]
 49%|████▊     | 366/751 [22:38<21:21,  3.33s/it]
 49%|████▉     | 367/751 [22:41<20:52,  3.26s/it]
 49%|████▉     | 368/751 [22:44<20:28,  3.21s/it]
 49%|████▉     | 369/751 [22:47<20:09,  3.17s/it]
 49%|████▉     | 370/751 [22:50<19:53,  3.13s/it]
                                                 

 49%|████▉     | 370/751 [22:50<19:53,  3.13s/it]
 49%|████▉     | 371/751 [22:53<19:42,  3.11s/it]
 50%|████▉     | 372/751 [22:56<19:31,  3.09s/it]
 50%|████▉     | 373/751 [22:59<19:21,  3.07s/it]
 50%|████▉     | 374/751 [23:02<19:10,  3.05s/it]
 50%|████▉     | 375/751 [23:05<18:42,  2.98s/it]
 50%|█████     | 376/751 [23:13<27:17,  4.37s/it]
 50%|█████     | 377/751 [23:18<28:22,  4.55s/it]
 50%|█████     | 378/751 [23:22<28:10,  4.53s/it]
 50%|█████     | 379/751 [23:26<27:18,  4.41s/it]
 51%|█████     | 380/751 [23:30<26:26,  4.28s/it]
                                                 

 51%|█████     | 380/751 [23:30<26:26,  4.28s/it]
 51%|█████     | 381/751 [23:34<25:34,  4.15s/it]
 51%|█████     | 382/751 [23:38<24:42,  4.02s/it]
 51%|█████     | 383/751 [23:41<23:47,  3.88s/it]
 51%|█████     | 384/751 [23:45<23:02,  3.77s/it]
 51%|█████▏    | 385/751 [23:48<22:28,  3.68s/it]
 51%|█████▏    | 386/751 [23:52<21:56,  3.61s/it]
 52%|█████▏    | 387/751 [23:55<21:30,  3.55s/it]
 52%|█████▏    | 388/751 [23:58<21:08,  3.49s/it]
 52%|█████▏    | 389/751 [24:02<20:47,  3.45s/it]
 52%|█████▏    | 390/751 [24:05<20:25,  3.40s/it]
                                                 

 52%|█████▏    | 390/751 [24:05<20:25,  3.40s/it]
 52%|█████▏    | 391/751 [24:08<20:04,  3.35s/it]
 52%|█████▏    | 392/751 [24:11<19:46,  3.30s/it]
 52%|█████▏    | 393/751 [24:15<19:20,  3.24s/it]
 52%|█████▏    | 394/751 [24:18<19:00,  3.19s/it]
 53%|█████▎    | 395/751 [24:21<18:43,  3.16s/it]
 53%|█████▎    | 396/751 [24:24<18:29,  3.12s/it]
 53%|█████▎    | 397/751 [24:27<18:19,  3.11s/it]
 53%|█████▎    | 398/751 [24:30<18:09,  3.09s/it]
 53%|█████▎    | 399/751 [24:33<17:58,  3.06s/it]
 53%|█████▎    | 400/751 [24:36<17:29,  2.99s/it]
                                                 

 53%|█████▎    | 400/751 [24:36<17:29,  2.99s/it]/home/e/e0389102/assignment7/finetuning_jobs/ddp/ddp-env/lib/python3.12/site-packages/torch/_dynamo/eval_frame.py:929: UserWarning: torch.utils.checkpoint: the use_reentrant parameter should be passed explicitly. In version 2.5 we will raise an exception if use_reentrant is not passed. use_reentrant=False is recommended, but if you need to preserve the current default behavior, you can pass use_reentrant=True. Refer to docs for more details on the differences between the two variants.
  return fn(*args, **kwargs)

 53%|█████▎    | 401/751 [24:47<32:17,  5.54s/it]
 54%|█████▎    | 402/751 [24:53<33:04,  5.69s/it]
 54%|█████▎    | 403/751 [24:58<31:22,  5.41s/it]
 54%|█████▍    | 404/751 [25:02<29:34,  5.11s/it]
 54%|█████▍    | 405/751 [25:06<27:42,  4.80s/it]
 54%|█████▍    | 406/751 [25:10<26:00,  4.52s/it]
 54%|█████▍    | 407/751 [25:14<24:37,  4.29s/it]
 54%|█████▍    | 408/751 [25:18<23:27,  4.10s/it]
 54%|█████▍    | 409/751 [25:21<22:24,  3.93s/it]
 55%|█████▍    | 410/751 [25:25<21:35,  3.80s/it]
                                                 

 55%|█████▍    | 410/751 [25:25<21:35,  3.80s/it]
 55%|█████▍    | 411/751 [25:28<20:55,  3.69s/it]
 55%|█████▍    | 412/751 [25:32<20:21,  3.60s/it]
 55%|█████▍    | 413/751 [25:35<19:52,  3.53s/it]
 55%|█████▌    | 414/751 [25:38<19:23,  3.45s/it]
 55%|█████▌    | 415/751 [25:41<18:57,  3.39s/it]
 55%|█████▌    | 416/751 [25:45<18:33,  3.32s/it]
 56%|█████▌    | 417/751 [25:48<18:07,  3.25s/it]
 56%|█████▌    | 418/751 [25:51<17:45,  3.20s/it]
 56%|█████▌    | 419/751 [25:54<17:26,  3.15s/it]
 56%|█████▌    | 420/751 [25:57<17:13,  3.12s/it]
                                                 

 56%|█████▌    | 420/751 [25:57<17:13,  3.12s/it]
 56%|█████▌    | 421/751 [26:00<17:04,  3.10s/it]
 56%|█████▌    | 422/751 [26:03<16:55,  3.09s/it]
 56%|█████▋    | 423/751 [26:06<16:45,  3.07s/it]
 56%|█████▋    | 424/751 [26:09<16:36,  3.05s/it]
 57%|█████▋    | 425/751 [26:12<16:12,  2.98s/it]
 57%|█████▋    | 426/751 [26:21<25:41,  4.74s/it]
 57%|█████▋    | 427/751 [26:26<26:36,  4.93s/it]
 57%|█████▋    | 428/751 [26:31<26:01,  4.84s/it]
 57%|█████▋    | 429/751 [26:35<25:11,  4.69s/it]
 57%|█████▋    | 430/751 [26:39<23:55,  4.47s/it]
                                                 

 57%|█████▋    | 430/751 [26:39<23:55,  4.47s/it]
 57%|█████▋    | 431/751 [26:43<22:49,  4.28s/it]
 58%|█████▊    | 432/751 [26:47<21:49,  4.11s/it]
 58%|█████▊    | 433/751 [26:50<20:52,  3.94s/it]
 58%|█████▊    | 434/751 [26:54<20:07,  3.81s/it]
 58%|█████▊    | 435/751 [26:57<19:32,  3.71s/it]
 58%|█████▊    | 436/751 [27:01<19:03,  3.63s/it]
 58%|█████▊    | 437/751 [27:04<18:39,  3.56s/it]
 58%|█████▊    | 438/751 [27:07<18:16,  3.50s/it]
 58%|█████▊    | 439/751 [27:11<17:51,  3.43s/it]
 59%|█████▊    | 440/751 [27:14<17:29,  3.37s/it]
                                                 

 59%|█████▊    | 440/751 [27:14<17:29,  3.37s/it]
 59%|█████▊    | 441/751 [27:17<17:10,  3.32s/it]
 59%|█████▉    | 442/751 [27:20<16:46,  3.26s/it]
 59%|█████▉    | 443/751 [27:23<16:26,  3.20s/it]
 59%|█████▉    | 444/751 [27:26<16:11,  3.16s/it]
 59%|█████▉    | 445/751 [27:29<15:58,  3.13s/it]
 59%|█████▉    | 446/751 [27:32<15:47,  3.11s/it]
 60%|█████▉    | 447/751 [27:35<15:38,  3.09s/it]
 60%|█████▉    | 448/751 [27:38<15:28,  3.07s/it]
 60%|█████▉    | 449/751 [27:41<15:16,  3.03s/it]
 60%|█████▉    | 450/751 [27:44<14:54,  2.97s/it]
                                                 

 60%|█████▉    | 450/751 [27:44<14:54,  2.97s/it]
 60%|██████    | 451/751 [27:52<22:00,  4.40s/it]
 60%|██████    | 452/751 [27:57<22:50,  4.58s/it]
 60%|██████    | 453/751 [28:02<22:45,  4.58s/it]
 60%|██████    | 454/751 [28:06<22:29,  4.54s/it]
 61%|██████    | 455/751 [28:10<21:48,  4.42s/it]
 61%|██████    | 456/751 [28:14<21:04,  4.29s/it]
 61%|██████    | 457/751 [28:18<20:19,  4.15s/it]
 61%|██████    | 458/751 [28:22<19:40,  4.03s/it]
 61%|██████    | 459/751 [28:25<18:54,  3.89s/it]
 61%|██████▏   | 460/751 [28:29<18:15,  3.77s/it]
                                                 

 61%|██████▏   | 460/751 [28:29<18:15,  3.77s/it]
 61%|██████▏   | 461/751 [28:32<17:46,  3.68s/it]
 62%|██████▏   | 462/751 [28:36<17:18,  3.59s/it]
 62%|██████▏   | 463/751 [28:39<16:55,  3.53s/it]
 62%|██████▏   | 464/751 [28:42<16:30,  3.45s/it]
 62%|██████▏   | 465/751 [28:45<16:08,  3.39s/it]
 62%|██████▏   | 466/751 [28:49<15:50,  3.33s/it]
 62%|██████▏   | 467/751 [28:52<15:27,  3.27s/it]
 62%|██████▏   | 468/751 [28:55<15:08,  3.21s/it]
 62%|██████▏   | 469/751 [28:58<14:52,  3.16s/it]
 63%|██████▎   | 470/751 [29:01<14:40,  3.13s/it]
                                                 

 63%|██████▎   | 470/751 [29:01<14:40,  3.13s/it]
 63%|██████▎   | 471/751 [29:04<14:31,  3.11s/it]
 63%|██████▎   | 472/751 [29:07<14:22,  3.09s/it]
 63%|██████▎   | 473/751 [29:10<14:13,  3.07s/it]
 63%|██████▎   | 474/751 [29:13<13:57,  3.02s/it]
 63%|██████▎   | 475/751 [29:16<13:38,  2.97s/it]
 63%|██████▎   | 476/751 [29:24<21:13,  4.63s/it]
 64%|██████▎   | 477/751 [29:29<21:44,  4.76s/it]
 64%|██████▎   | 478/751 [29:34<21:22,  4.70s/it]
 64%|██████▍   | 479/751 [29:38<20:57,  4.62s/it]
 64%|██████▍   | 480/751 [29:43<20:18,  4.50s/it]
                                                 

 64%|██████▍   | 480/751 [29:43<20:18,  4.50s/it]
 64%|██████▍   | 481/751 [29:47<19:30,  4.33s/it]
 64%|██████▍   | 482/751 [29:50<18:43,  4.18s/it]
 64%|██████▍   | 483/751 [29:54<18:04,  4.05s/it]
 64%|██████▍   | 484/751 [29:58<17:19,  3.89s/it]
 65%|██████▍   | 485/751 [30:01<16:42,  3.77s/it]
 65%|██████▍   | 486/751 [30:05<16:15,  3.68s/it]
 65%|██████▍   | 487/751 [30:08<15:50,  3.60s/it]
 65%|██████▍   | 488/751 [30:11<15:28,  3.53s/it]
 65%|██████▌   | 489/751 [30:15<15:08,  3.47s/it]
 65%|██████▌   | 490/751 [30:18<14:48,  3.41s/it]
                                                 

 65%|██████▌   | 490/751 [30:18<14:48,  3.41s/it]
 65%|██████▌   | 491/751 [30:21<14:33,  3.36s/it]
 66%|██████▌   | 492/751 [30:24<14:18,  3.32s/it]
 66%|██████▌   | 493/751 [30:28<13:59,  3.25s/it]
 66%|██████▌   | 494/751 [30:31<13:41,  3.20s/it]
 66%|██████▌   | 495/751 [30:34<13:26,  3.15s/it]
 66%|██████▌   | 496/751 [30:37<13:16,  3.12s/it]
 66%|██████▌   | 497/751 [30:40<13:07,  3.10s/it]
 66%|██████▋   | 498/751 [30:43<12:59,  3.08s/it]
 66%|██████▋   | 499/751 [30:46<12:50,  3.06s/it]
 67%|██████▋   | 500/751 [30:49<12:30,  2.99s/it]
                                                 

 67%|██████▋   | 500/751 [30:49<12:30,  2.99s/it]/home/e/e0389102/assignment7/finetuning_jobs/ddp/ddp-env/lib/python3.12/site-packages/torch/_dynamo/eval_frame.py:929: UserWarning: torch.utils.checkpoint: the use_reentrant parameter should be passed explicitly. In version 2.5 we will raise an exception if use_reentrant is not passed. use_reentrant=False is recommended, but if you need to preserve the current default behavior, you can pass use_reentrant=True. Refer to docs for more details on the differences between the two variants.
  return fn(*args, **kwargs)

 67%|██████▋   | 501/751 [30:58<20:28,  4.91s/it]
 67%|██████▋   | 502/751 [31:03<20:35,  4.96s/it]
 67%|██████▋   | 503/751 [31:08<19:57,  4.83s/it]
 67%|██████▋   | 504/751 [31:12<19:21,  4.70s/it]
 67%|██████▋   | 505/751 [31:16<18:25,  4.50s/it]
 67%|██████▋   | 506/751 [31:20<17:34,  4.30s/it]
 68%|██████▊   | 507/751 [31:24<16:53,  4.15s/it]
 68%|██████▊   | 508/751 [31:27<16:12,  4.00s/it]
 68%|██████▊   | 509/751 [31:31<15:36,  3.87s/it]
 68%|██████▊   | 510/751 [31:34<15:06,  3.76s/it]
                                                 

 68%|██████▊   | 510/751 [31:34<15:06,  3.76s/it]
 68%|██████▊   | 511/751 [31:38<14:41,  3.67s/it]
 68%|██████▊   | 512/751 [31:41<14:19,  3.60s/it]
 68%|██████▊   | 513/751 [31:45<13:59,  3.53s/it]
 68%|██████▊   | 514/751 [31:48<13:41,  3.47s/it]
 69%|██████▊   | 515/751 [31:51<13:23,  3.40s/it]
 69%|██████▊   | 516/751 [31:55<13:08,  3.35s/it]
 69%|██████▉   | 517/751 [31:58<12:49,  3.29s/it]
 69%|██████▉   | 518/751 [32:01<12:31,  3.23s/it]
 69%|██████▉   | 519/751 [32:04<12:17,  3.18s/it]
 69%|██████▉   | 520/751 [32:07<12:05,  3.14s/it]
                                                 

 69%|██████▉   | 520/751 [32:07<12:05,  3.14s/it]
 69%|██████▉   | 521/751 [32:10<11:57,  3.12s/it]
 70%|██████▉   | 522/751 [32:13<11:48,  3.10s/it]
 70%|██████▉   | 523/751 [32:16<11:40,  3.07s/it]
 70%|██████▉   | 524/751 [32:19<11:29,  3.04s/it]
 70%|██████▉   | 525/751 [32:22<11:12,  2.98s/it]
 70%|███████   | 526/751 [32:30<17:02,  4.54s/it]
 70%|███████   | 527/751 [32:35<18:01,  4.83s/it]
 70%|███████   | 528/751 [32:40<17:46,  4.78s/it]
 70%|███████   | 529/751 [32:45<17:20,  4.69s/it]
 71%|███████   | 530/751 [32:49<16:38,  4.52s/it]
                                                 

 71%|███████   | 530/751 [32:49<16:38,  4.52s/it]
 71%|███████   | 531/751 [32:53<15:56,  4.35s/it]
 71%|███████   | 532/751 [32:56<15:15,  4.18s/it]
 71%|███████   | 533/751 [33:00<14:34,  4.01s/it]
 71%|███████   | 534/751 [33:04<13:59,  3.87s/it]
 71%|███████   | 535/751 [33:07<13:30,  3.75s/it]
 71%|███████▏  | 536/751 [33:11<13:05,  3.66s/it]
 72%|███████▏  | 537/751 [33:14<12:44,  3.57s/it]
 72%|███████▏  | 538/751 [33:17<12:25,  3.50s/it]
 72%|███████▏  | 539/751 [33:21<12:07,  3.43s/it]
 72%|███████▏  | 540/751 [33:24<11:51,  3.37s/it]
                                                 

 72%|███████▏  | 540/751 [33:24<11:51,  3.37s/it]
 72%|███████▏  | 541/751 [33:27<11:36,  3.32s/it]
 72%|███████▏  | 542/751 [33:30<11:32,  3.32s/it]
 72%|███████▏  | 543/751 [33:33<11:15,  3.25s/it]
 72%|███████▏  | 544/751 [33:36<11:01,  3.20s/it]
 73%|███████▎  | 545/751 [33:39<10:49,  3.15s/it]
 73%|███████▎  | 546/751 [33:43<10:41,  3.13s/it]
 73%|███████▎  | 547/751 [33:46<10:32,  3.10s/it]
 73%|███████▎  | 548/751 [33:49<10:24,  3.08s/it]
 73%|███████▎  | 549/751 [33:52<10:17,  3.06s/it]
 73%|███████▎  | 550/751 [33:55<10:06,  3.02s/it]
                                                 

 73%|███████▎  | 550/751 [33:55<10:06,  3.02s/it]
 73%|███████▎  | 551/751 [34:03<15:55,  4.78s/it]
 74%|███████▎  | 552/751 [34:09<16:44,  5.05s/it]
 74%|███████▎  | 553/751 [34:14<16:17,  4.94s/it]
 74%|███████▍  | 554/751 [34:18<15:44,  4.79s/it]
 74%|███████▍  | 555/751 [34:22<14:53,  4.56s/it]
 74%|███████▍  | 556/751 [34:26<14:10,  4.36s/it]
 74%|███████▍  | 557/751 [34:30<13:32,  4.19s/it]
 74%|███████▍  | 558/751 [34:34<13:02,  4.06s/it]
 74%|███████▍  | 559/751 [34:37<12:30,  3.91s/it]
 75%|███████▍  | 560/751 [34:41<12:04,  3.79s/it]
                                                 

 75%|███████▍  | 560/751 [34:41<12:04,  3.79s/it]
 75%|███████▍  | 561/751 [34:44<11:43,  3.70s/it]
 75%|███████▍  | 562/751 [34:48<11:23,  3.62s/it]
 75%|███████▍  | 563/751 [34:51<11:05,  3.54s/it]
 75%|███████▌  | 564/751 [34:54<10:49,  3.47s/it]
 75%|███████▌  | 565/751 [34:58<10:33,  3.41s/it]
 75%|███████▌  | 566/751 [35:01<10:20,  3.35s/it]
 75%|███████▌  | 567/751 [35:04<10:03,  3.28s/it]
 76%|███████▌  | 568/751 [35:07<09:50,  3.23s/it]
 76%|███████▌  | 569/751 [35:10<09:40,  3.19s/it]
 76%|███████▌  | 570/751 [35:13<09:32,  3.16s/it]
                                                 

 76%|███████▌  | 570/751 [35:13<09:32,  3.16s/it]
 76%|███████▌  | 571/751 [35:16<09:25,  3.14s/it]
 76%|███████▌  | 572/751 [35:19<09:20,  3.13s/it]
 76%|███████▋  | 573/751 [35:22<09:12,  3.11s/it]
 76%|███████▋  | 574/751 [35:26<09:06,  3.09s/it]
 77%|███████▋  | 575/751 [35:29<08:58,  3.06s/it]
 77%|███████▋  | 576/751 [35:36<12:53,  4.42s/it]
 77%|███████▋  | 577/751 [35:41<13:11,  4.55s/it]
 77%|███████▋  | 578/751 [35:45<13:05,  4.54s/it]
 77%|███████▋  | 579/751 [35:50<12:51,  4.48s/it]
 77%|███████▋  | 580/751 [35:54<12:21,  4.34s/it]
                                                 

 77%|███████▋  | 580/751 [35:54<12:21,  4.34s/it]
 77%|███████▋  | 581/751 [35:58<11:51,  4.19s/it]
 77%|███████▋  | 582/751 [36:01<11:25,  4.06s/it]
 78%|███████▊  | 583/751 [36:05<10:55,  3.90s/it]
 78%|███████▊  | 584/751 [36:09<10:42,  3.85s/it]
 78%|███████▊  | 585/751 [36:12<10:20,  3.74s/it]
 78%|███████▊  | 586/751 [36:16<10:01,  3.65s/it]
 78%|███████▊  | 587/751 [36:19<09:45,  3.57s/it]
 78%|███████▊  | 588/751 [36:22<09:31,  3.51s/it]
 78%|███████▊  | 589/751 [36:26<09:17,  3.44s/it]
 79%|███████▊  | 590/751 [36:29<09:04,  3.38s/it]
                                                 

 79%|███████▊  | 590/751 [36:29<09:04,  3.38s/it]
 79%|███████▊  | 591/751 [36:32<08:53,  3.34s/it]
 79%|███████▉  | 592/751 [36:35<08:41,  3.28s/it]
 79%|███████▉  | 593/751 [36:38<08:29,  3.23s/it]
 79%|███████▉  | 594/751 [36:41<08:20,  3.19s/it]
 79%|███████▉  | 595/751 [36:45<08:12,  3.16s/it]
 79%|███████▉  | 596/751 [36:48<08:05,  3.13s/it]
 79%|███████▉  | 597/751 [36:51<07:58,  3.11s/it]
 80%|███████▉  | 598/751 [36:54<07:52,  3.09s/it]
 80%|███████▉  | 599/751 [36:57<07:44,  3.06s/it]
 80%|███████▉  | 600/751 [37:00<07:37,  3.03s/it]
                                                 

 80%|███████▉  | 600/751 [37:00<07:37,  3.03s/it]/home/e/e0389102/assignment7/finetuning_jobs/ddp/ddp-env/lib/python3.12/site-packages/torch/_dynamo/eval_frame.py:929: UserWarning: torch.utils.checkpoint: the use_reentrant parameter should be passed explicitly. In version 2.5 we will raise an exception if use_reentrant is not passed. use_reentrant=False is recommended, but if you need to preserve the current default behavior, you can pass use_reentrant=True. Refer to docs for more details on the differences between the two variants.
  return fn(*args, **kwargs)

 80%|████████  | 601/751 [37:10<13:21,  5.35s/it]
 80%|████████  | 602/751 [37:15<13:01,  5.25s/it]
 80%|████████  | 603/751 [37:20<12:22,  5.02s/it]
 80%|████████  | 604/751 [37:24<11:36,  4.74s/it]
 81%|████████  | 605/751 [37:28<10:53,  4.47s/it]
 81%|████████  | 606/751 [37:32<10:18,  4.26s/it]
 81%|████████  | 607/751 [37:35<09:45,  4.06s/it]
 81%|████████  | 608/751 [37:39<09:18,  3.91s/it]
 81%|████████  | 609/751 [37:42<08:57,  3.78s/it]
 81%|████████  | 610/751 [37:46<08:40,  3.69s/it]
                                                 

 81%|████████  | 610/751 [37:46<08:40,  3.69s/it]
 81%|████████▏ | 611/751 [37:49<08:25,  3.61s/it]
 81%|████████▏ | 612/751 [37:53<08:13,  3.55s/it]
 82%|████████▏ | 613/751 [37:56<08:02,  3.50s/it]
 82%|████████▏ | 614/751 [37:59<07:51,  3.44s/it]
 82%|████████▏ | 615/751 [38:03<07:40,  3.39s/it]
 82%|████████▏ | 616/751 [38:06<07:31,  3.34s/it]
 82%|████████▏ | 617/751 [38:09<07:21,  3.30s/it]
 82%|████████▏ | 618/751 [38:12<07:10,  3.24s/it]
 82%|████████▏ | 619/751 [38:15<07:01,  3.20s/it]
 83%|████████▎ | 620/751 [38:18<06:54,  3.16s/it]
                                                 

 83%|████████▎ | 620/751 [38:18<06:54,  3.16s/it]
 83%|████████▎ | 621/751 [38:21<06:48,  3.14s/it]
 83%|████████▎ | 622/751 [38:24<06:43,  3.12s/it]
 83%|████████▎ | 623/751 [38:27<06:37,  3.11s/it]
 83%|████████▎ | 624/751 [38:31<06:32,  3.09s/it]
 83%|████████▎ | 625/751 [38:34<06:26,  3.07s/it]
 83%|████████▎ | 626/751 [38:40<08:48,  4.23s/it]
 83%|████████▎ | 627/751 [38:46<09:20,  4.52s/it]
 84%|████████▎ | 628/751 [38:50<09:15,  4.52s/it]
 84%|████████▍ | 629/751 [38:54<09:00,  4.43s/it]
 84%|████████▍ | 630/751 [38:58<08:40,  4.30s/it]
                                                 

 84%|████████▍ | 630/751 [38:58<08:40,  4.30s/it]
 84%|████████▍ | 631/751 [39:02<08:19,  4.16s/it]
 84%|████████▍ | 632/751 [39:06<08:01,  4.05s/it]
 84%|████████▍ | 633/751 [39:10<07:43,  3.93s/it]
 84%|████████▍ | 634/751 [39:13<07:25,  3.81s/it]
 85%|████████▍ | 635/751 [39:17<07:10,  3.71s/it]
 85%|████████▍ | 636/751 [39:20<06:58,  3.64s/it]
 85%|████████▍ | 637/751 [39:24<06:47,  3.57s/it]
 85%|████████▍ | 638/751 [39:27<06:37,  3.51s/it]
 85%|████████▌ | 639/751 [39:30<06:27,  3.46s/it]
 85%|████████▌ | 640/751 [39:34<06:17,  3.40s/it]
                                                 

 85%|████████▌ | 640/751 [39:34<06:17,  3.40s/it]
 85%|████████▌ | 641/751 [39:37<06:08,  3.35s/it]
 85%|████████▌ | 642/751 [39:40<05:58,  3.29s/it]
 86%|████████▌ | 643/751 [39:43<05:49,  3.23s/it]
 86%|████████▌ | 644/751 [39:46<05:41,  3.19s/it]
 86%|████████▌ | 645/751 [39:49<05:34,  3.15s/it]
 86%|████████▌ | 646/751 [39:52<05:28,  3.13s/it]
 86%|████████▌ | 647/751 [39:55<05:23,  3.11s/it]
 86%|████████▋ | 648/751 [39:58<05:18,  3.09s/it]
 86%|████████▋ | 649/751 [40:01<05:14,  3.08s/it]
 87%|████████▋ | 650/751 [40:04<05:07,  3.05s/it]
                                                 

 87%|████████▋ | 650/751 [40:04<05:07,  3.05s/it]
 87%|████████▋ | 651/751 [40:13<07:59,  4.79s/it]
 87%|████████▋ | 652/751 [40:19<08:09,  4.94s/it]
 87%|████████▋ | 653/751 [40:23<07:54,  4.85s/it]
 87%|████████▋ | 654/751 [40:28<07:39,  4.74s/it]
 87%|████████▋ | 655/751 [40:32<07:14,  4.52s/it]
 87%|████████▋ | 656/751 [40:36<06:51,  4.33s/it]
 87%|████████▋ | 657/751 [40:39<06:32,  4.17s/it]
 88%|████████▊ | 658/751 [40:43<06:12,  4.00s/it]
 88%|████████▊ | 659/751 [40:47<05:54,  3.86s/it]
 88%|████████▊ | 660/751 [40:50<05:41,  3.75s/it]
                                                 

 88%|████████▊ | 660/751 [40:50<05:41,  3.75s/it]
 88%|████████▊ | 661/751 [40:53<05:29,  3.66s/it]
 88%|████████▊ | 662/751 [40:57<05:19,  3.59s/it]
 88%|████████▊ | 663/751 [41:00<05:10,  3.53s/it]
 88%|████████▊ | 664/751 [41:04<05:01,  3.47s/it]
 89%|████████▊ | 665/751 [41:07<04:52,  3.41s/it]
 89%|████████▊ | 666/751 [41:10<04:45,  3.35s/it]
 89%|████████▉ | 667/751 [41:13<04:35,  3.28s/it]
 89%|████████▉ | 668/751 [41:16<04:27,  3.22s/it]
 89%|████████▉ | 669/751 [41:19<04:20,  3.18s/it]
 89%|████████▉ | 670/751 [41:22<04:14,  3.14s/it]
                                                 

 89%|████████▉ | 670/751 [41:22<04:14,  3.14s/it]
 89%|████████▉ | 671/751 [41:26<04:09,  3.12s/it]
 89%|████████▉ | 672/751 [41:29<04:04,  3.09s/it]
 90%|████████▉ | 673/751 [41:32<03:59,  3.07s/it]
 90%|████████▉ | 674/751 [41:35<03:53,  3.03s/it]
 90%|████████▉ | 675/751 [41:37<03:45,  2.97s/it]
 90%|█████████ | 676/751 [41:46<05:47,  4.63s/it]
 90%|█████████ | 677/751 [41:51<05:52,  4.76s/it]
 90%|█████████ | 678/751 [41:55<05:38,  4.64s/it]
 90%|█████████ | 679/751 [41:59<05:19,  4.44s/it]
 91%|█████████ | 680/751 [42:03<05:02,  4.26s/it]
                                                 

 91%|█████████ | 680/751 [42:03<05:02,  4.26s/it]
 91%|█████████ | 681/751 [42:07<04:48,  4.13s/it]
 91%|█████████ | 682/751 [42:10<04:33,  3.97s/it]
 91%|█████████ | 683/751 [42:14<04:20,  3.82s/it]
 91%|█████████ | 684/751 [42:17<04:09,  3.72s/it]
 91%|█████████ | 685/751 [42:21<03:59,  3.64s/it]
 91%|█████████▏| 686/751 [42:24<03:51,  3.56s/it]
 91%|█████████▏| 687/751 [42:28<03:44,  3.50s/it]
 92%|█████████▏| 688/751 [42:31<03:36,  3.44s/it]
 92%|█████████▏| 689/751 [42:34<03:29,  3.39s/it]
 92%|█████████▏| 690/751 [42:37<03:23,  3.34s/it]
                                                 

 92%|█████████▏| 690/751 [42:37<03:23,  3.34s/it]
 92%|█████████▏| 691/751 [42:41<03:16,  3.28s/it]
 92%|█████████▏| 692/751 [42:44<03:10,  3.23s/it]
 92%|█████████▏| 693/751 [42:47<03:04,  3.18s/it]
 92%|█████████▏| 694/751 [42:50<02:59,  3.14s/it]
 93%|█████████▎| 695/751 [42:53<02:54,  3.12s/it]
 93%|█████████▎| 696/751 [42:56<02:50,  3.10s/it]
 93%|█████████▎| 697/751 [42:59<02:46,  3.09s/it]
 93%|█████████▎| 698/751 [43:02<02:42,  3.07s/it]
 93%|█████████▎| 699/751 [43:05<02:38,  3.05s/it]
 93%|█████████▎| 700/751 [43:08<02:32,  2.98s/it]
                                                 

 93%|█████████▎| 700/751 [43:08<02:32,  2.98s/it]/home/e/e0389102/assignment7/finetuning_jobs/ddp/ddp-env/lib/python3.12/site-packages/torch/_dynamo/eval_frame.py:929: UserWarning: torch.utils.checkpoint: the use_reentrant parameter should be passed explicitly. In version 2.5 we will raise an exception if use_reentrant is not passed. use_reentrant=False is recommended, but if you need to preserve the current default behavior, you can pass use_reentrant=True. Refer to docs for more details on the differences between the two variants.
  return fn(*args, **kwargs)

 93%|█████████▎| 701/751 [43:18<04:17,  5.15s/it]
 93%|█████████▎| 702/751 [43:23<04:09,  5.10s/it]
 94%|█████████▎| 703/751 [43:28<03:56,  4.92s/it]
 94%|█████████▎| 704/751 [43:32<03:43,  4.76s/it]
 94%|█████████▍| 705/751 [43:36<03:28,  4.54s/it]
 94%|█████████▍| 706/751 [43:40<03:15,  4.34s/it]
 94%|█████████▍| 707/751 [43:44<03:03,  4.18s/it]
 94%|█████████▍| 708/751 [43:47<02:53,  4.04s/it]
 94%|█████████▍| 709/751 [43:51<02:43,  3.90s/it]
 95%|█████████▍| 710/751 [43:54<02:34,  3.78s/it]
                                                 

 95%|█████████▍| 710/751 [43:54<02:34,  3.78s/it]
 95%|█████████▍| 711/751 [43:58<02:27,  3.69s/it]
 95%|█████████▍| 712/751 [44:01<02:20,  3.61s/it]
 95%|█████████▍| 713/751 [44:05<02:14,  3.55s/it]
 95%|█████████▌| 714/751 [44:08<02:09,  3.50s/it]
 95%|█████████▌| 715/751 [44:11<02:03,  3.43s/it]
 95%|█████████▌| 716/751 [44:15<01:58,  3.37s/it]
 95%|█████████▌| 717/751 [44:18<01:52,  3.31s/it]
 96%|█████████▌| 718/751 [44:21<01:47,  3.25s/it]
 96%|█████████▌| 719/751 [44:24<01:42,  3.20s/it]
 96%|█████████▌| 720/751 [44:27<01:38,  3.16s/it]
                                                 

 96%|█████████▌| 720/751 [44:27<01:38,  3.16s/it]
 96%|█████████▌| 721/751 [44:30<01:34,  3.15s/it]
 96%|█████████▌| 722/751 [44:33<01:30,  3.12s/it]
 96%|█████████▋| 723/751 [44:36<01:27,  3.11s/it]
 96%|█████████▋| 724/751 [44:39<01:23,  3.09s/it]
 97%|█████████▋| 725/751 [44:42<01:19,  3.06s/it]
 97%|█████████▋| 726/751 [44:51<01:57,  4.69s/it]
 97%|█████████▋| 727/751 [44:56<01:56,  4.87s/it]
 97%|█████████▋| 728/751 [45:01<01:50,  4.80s/it]
 97%|█████████▋| 729/751 [45:05<01:43,  4.69s/it]
 97%|█████████▋| 730/751 [45:09<01:34,  4.52s/it]
                                                 

 97%|█████████▋| 730/751 [45:09<01:34,  4.52s/it]
 97%|█████████▋| 731/751 [45:13<01:26,  4.34s/it]
 97%|█████████▋| 732/751 [45:17<01:19,  4.18s/it]
 98%|█████████▊| 733/751 [45:21<01:12,  4.03s/it]
 98%|█████████▊| 734/751 [45:24<01:05,  3.88s/it]
 98%|█████████▊| 735/751 [45:28<01:00,  3.77s/it]
 98%|█████████▊| 736/751 [45:31<00:55,  3.69s/it]
 98%|█████████▊| 737/751 [45:35<00:50,  3.62s/it]
 98%|█████████▊| 738/751 [45:38<00:46,  3.55s/it]
 98%|█████████▊| 739/751 [45:41<00:41,  3.49s/it]
 99%|█████████▊| 740/751 [45:45<00:37,  3.43s/it]
                                                 

 99%|█████████▊| 740/751 [45:45<00:37,  3.43s/it]
 99%|█████████▊| 741/751 [45:48<00:33,  3.37s/it]
 99%|█████████▉| 742/751 [45:51<00:29,  3.32s/it]
 99%|█████████▉| 743/751 [45:54<00:26,  3.26s/it]
 99%|█████████▉| 744/751 [45:57<00:22,  3.21s/it]
 99%|█████████▉| 745/751 [46:01<00:19,  3.17s/it]
 99%|█████████▉| 746/751 [46:04<00:15,  3.15s/it]
 99%|█████████▉| 747/751 [46:07<00:12,  3.13s/it]
100%|█████████▉| 748/751 [46:10<00:09,  3.10s/it]
100%|█████████▉| 749/751 [46:13<00:06,  3.09s/it]
100%|█████████▉| 750/751 [46:16<00:03,  3.05s/it]
                                                 

100%|█████████▉| 750/751 [46:16<00:03,  3.05s/it]
100%|██████████| 751/751 [46:19<00:00,  3.06s/it]
                                                 

100%|██████████| 751/751 [46:21<00:00,  3.06s/it]
100%|██████████| 751/751 [46:21<00:00,  3.70s/it]
